SF:contracts/blake2f/src/lib.rs
FN:8,_RINvCs22ZjEFNanZF_28fluentbase_contracts_blake2f10main_entryINtNtCse1vxMWk3eMV_14fluentbase_sdk6system17SystemContextImplNtNtCsdN6oERfiKAV_16fluentbase_types13rwasm_context12RwasmContextEEB2_
FN:15,_RNCINvCs22ZjEFNanZF_28fluentbase_contracts_blake2f10main_entryINtNtCse1vxMWk3eMV_14fluentbase_sdk6system17SystemContextImplNtNtCsdN6oERfiKAV_16fluentbase_types13rwasm_context12RwasmContextEE0B4_
FNDA:2,_RINvCs22ZjEFNanZF_28fluentbase_contracts_blake2f10main_entryINtNtCse1vxMWk3eMV_14fluentbase_sdk6system17SystemContextImplNtNtCsdN6oERfiKAV_16fluentbase_types13rwasm_context12RwasmContextEEB2_
FNDA:1,_RNCINvCs22ZjEFNanZF_28fluentbase_contracts_blake2f10main_entryINtNtCse1vxMWk3eMV_14fluentbase_sdk6system17SystemContextImplNtNtCsdN6oERfiKAV_16fluentbase_types13rwasm_context12RwasmContextEE0B4_
FNF:2
FNH:2
DA:8,2
DA:10,2
DA:11,2
DA:14,1
DA:15,2
DA:16,0
DA:17,1
DA:18,1
DA:19,1
DA:20,1
DA:21,1
DA:22,2
BRF:0
BRH:0
LF:14
LH:13
end_of_record
SF:contracts/bls12381/src/lib.rs
FN:134,_RINvCsdEY3Pz74jtK_29fluentbase_contracts_bls1238110main_entryINtNtCse1vxMWk3eMV_14fluentbase_sdk6system17SystemContextImplNtNtCsdN6oERfiKAV_16fluentbase_types13rwasm_context12RwasmContextEEB2_
FN:24,_RINvCsdEY3Pz74jtK_29fluentbase_contracts_bls1238114g1_add_checkedINtNtCse1vxMWk3eMV_14fluentbase_sdk6system17SystemContextImplNtNtCsdN6oERfiKAV_16fluentbase_types13rwasm_context12RwasmContextEEB2_
FN:48,_RINvCsdEY3Pz74jtK_29fluentbase_contracts_bls1238114g1_msm_checkedINtNtCse1vxMWk3eMV_14fluentbase_sdk6system17SystemContextImplNtNtCsdN6oERfiKAV_16fluentbase_types13rwasm_context12RwasmContextEEB2_
FN:36,_RINvCsdEY3Pz74jtK_29fluentbase_contracts_bls1238114g2_add_checkedINtNtCse1vxMWk3eMV_14fluentbase_sdk6system17SystemContextImplNtNtCsdN6oERfiKAV_16fluentbase_types13rwasm_context12RwasmContextEEB2_
FN:66,_RINvCsdEY3Pz74jtK_29fluentbase_contracts_bls1238114g2_msm_checkedINtNtCse1vxMWk3eMV_14fluentbase_sdk6system17SystemContextImplNtNtCsdN6oERfiKAV_16fluentbase_types13rwasm_context12RwasmContextEEB2_
FN:84,_RINvCsdEY3Pz74jtK_29fluentbase_contracts_bls1238115pairing_checkedINtNtCse1vxMWk3eMV_14fluentbase_sdk6system17SystemContextImplNtNtCsdN6oERfiKAV_16fluentbase_types13rwasm_context12RwasmContextEEB2_
FN:102,_RINvCsdEY3Pz74jtK_29fluentbase_contracts_bls1238120map_fp_to_g1_checkedINtNtCse1vxMWk3eMV_14fluentbase_sdk6system17SystemContextImplNtNtCsdN6oERfiKAV_16fluentbase_types13rwasm_context12RwasmContextEEB2_
FN:118,_RINvCsdEY3Pz74jtK_29fluentbase_contracts_bls1238121map_fp2_to_g2_checkedINtNtCse1vxMWk3eMV_14fluentbase_sdk6system17SystemContextImplNtNtCsdN6oERfiKAV_16fluentbase_types13rwasm_context12RwasmContextEEB2_
FN:30,_RNCINvCsdEY3Pz74jtK_29fluentbase_contracts_bls1238114g1_add_checkedINtNtCse1vxMWk3eMV_14fluentbase_sdk6system17SystemContextImplNtNtCsdN6oERfiKAV_16fluentbase_types13rwasm_context12RwasmContextEE0B4_
FN:60,_RNCINvCsdEY3Pz74jtK_29fluentbase_contracts_bls1238114g1_msm_checkedINtNtCse1vxMWk3eMV_14fluentbase_sdk6system17SystemContextImplNtNtCsdN6oERfiKAV_16fluentbase_types13rwasm_context12RwasmContextEE0B4_
FN:42,_RNCINvCsdEY3Pz74jtK_29fluentbase_contracts_bls1238114g2_add_checkedINtNtCse1vxMWk3eMV_14fluentbase_sdk6system17SystemContextImplNtNtCsdN6oERfiKAV_16fluentbase_types13rwasm_context12RwasmContextEE0B4_
FN:78,_RNCINvCsdEY3Pz74jtK_29fluentbase_contracts_bls1238114g2_msm_checkedINtNtCse1vxMWk3eMV_14fluentbase_sdk6system17SystemContextImplNtNtCsdN6oERfiKAV_16fluentbase_types13rwasm_context12RwasmContextEE0B4_
FN:96,_RNCINvCsdEY3Pz74jtK_29fluentbase_contracts_bls1238115pairing_checkedINtNtCse1vxMWk3eMV_14fluentbase_sdk6system17SystemContextImplNtNtCsdN6oERfiKAV_16fluentbase_types13rwasm_context12RwasmContextEE0B4_
FN:112,_RNCINvCsdEY3Pz74jtK_29fluentbase_contracts_bls1238120map_fp_to_g1_checkedINtNtCse1vxMWk3eMV_14fluentbase_sdk6system17SystemContextImplNtNtCsdN6oERfiKAV_16fluentbase_types13rwasm_context12RwasmContextEE0B4_
FN:128,_RNCINvCsdEY3Pz74jtK_29fluentbase_contracts_bls1238121map_fp2_to_g2_checkedINtNtCse1vxMWk3eMV_14fluentbase_sdk6system17SystemContextImplNtNtCsdN6oERfiKAV_16fluentbase_types13rwasm_context12RwasmContextEE0B4_
FNDA:7,_RINvCsdEY3Pz74jtK_29fluentbase_contracts_bls1238110main_entryINtNtCse1vxMWk3eMV_14fluentbase_sdk6system17SystemContextImplNtNtCsdN6oERfiKAV_16fluentbase_types13rwasm_context12RwasmContextEEB2_
FNDA:1,_RINvCsdEY3Pz74jtK_29fluentbase_contracts_bls1238114g1_add_checkedINtNtCse1vxMWk3eMV_14fluentbase_sdk6system17SystemContextImplNtNtCsdN6oERfiKAV_16fluentbase_types13rwasm_context12RwasmContextEEB2_
FNDA:1,_RINvCsdEY3Pz74jtK_29fluentbase_contracts_bls1238114g1_msm_checkedINtNtCse1vxMWk3eMV_14fluentbase_sdk6system17SystemContextImplNtNtCsdN6oERfiKAV_16fluentbase_types13rwasm_context12RwasmContextEEB2_
FNDA:1,_RINvCsdEY3Pz74jtK_29fluentbase_contracts_bls1238114g2_add_checkedINtNtCse1vxMWk3eMV_14fluentbase_sdk6system17SystemContextImplNtNtCsdN6oERfiKAV_16fluentbase_types13rwasm_context12RwasmContextEEB2_
FNDA:1,_RINvCsdEY3Pz74jtK_29fluentbase_contracts_bls1238114g2_msm_checkedINtNtCse1vxMWk3eMV_14fluentbase_sdk6system17SystemContextImplNtNtCsdN6oERfiKAV_16fluentbase_types13rwasm_context12RwasmContextEEB2_
FNDA:1,_RINvCsdEY3Pz74jtK_29fluentbase_contracts_bls1238115pairing_checkedINtNtCse1vxMWk3eMV_14fluentbase_sdk6system17SystemContextImplNtNtCsdN6oERfiKAV_16fluentbase_types13rwasm_context12RwasmContextEEB2_
FNDA:1,_RINvCsdEY3Pz74jtK_29fluentbase_contracts_bls1238120map_fp_to_g1_checkedINtNtCse1vxMWk3eMV_14fluentbase_sdk6system17SystemContextImplNtNtCsdN6oERfiKAV_16fluentbase_types13rwasm_context12RwasmContextEEB2_
FNDA:1,_RINvCsdEY3Pz74jtK_29fluentbase_contracts_bls1238121map_fp2_to_g2_checkedINtNtCse1vxMWk3eMV_14fluentbase_sdk6system17SystemContextImplNtNtCsdN6oERfiKAV_16fluentbase_types13rwasm_context12RwasmContextEEB2_
FNDA:1,_RNCINvCsdEY3Pz74jtK_29fluentbase_contracts_bls1238114g1_add_checkedINtNtCse1vxMWk3eMV_14fluentbase_sdk6system17SystemContextImplNtNtCsdN6oERfiKAV_16fluentbase_types13rwasm_context12RwasmContextEE0B4_
FNDA:0,_RNCINvCsdEY3Pz74jtK_29fluentbase_contracts_bls1238114g1_msm_checkedINtNtCse1vxMWk3eMV_14fluentbase_sdk6system17SystemContextImplNtNtCsdN6oERfiKAV_16fluentbase_types13rwasm_context12RwasmContextEE0B4_
FNDA:1,_RNCINvCsdEY3Pz74jtK_29fluentbase_contracts_bls1238114g2_add_checkedINtNtCse1vxMWk3eMV_14fluentbase_sdk6system17SystemContextImplNtNtCsdN6oERfiKAV_16fluentbase_types13rwasm_context12RwasmContextEE0B4_
FNDA:0,_RNCINvCsdEY3Pz74jtK_29fluentbase_contracts_bls1238114g2_msm_checkedINtNtCse1vxMWk3eMV_14fluentbase_sdk6system17SystemContextImplNtNtCsdN6oERfiKAV_16fluentbase_types13rwasm_context12RwasmContextEE0B4_
FNDA:0,_RNCINvCsdEY3Pz74jtK_29fluentbase_contracts_bls1238115pairing_checkedINtNtCse1vxMWk3eMV_14fluentbase_sdk6system17SystemContextImplNtNtCsdN6oERfiKAV_16fluentbase_types13rwasm_context12RwasmContextEE0B4_
FNDA:0,_RNCINvCsdEY3Pz74jtK_29fluentbase_contracts_bls1238120map_fp_to_g1_checkedINtNtCse1vxMWk3eMV_14fluentbase_sdk6system17SystemContextImplNtNtCsdN6oERfiKAV_16fluentbase_types13rwasm_context12RwasmContextEE0B4_
FNDA:0,_RNCINvCsdEY3Pz74jtK_29fluentbase_contracts_bls1238121map_fp2_to_g2_checkedINtNtCse1vxMWk3eMV_14fluentbase_sdk6system17SystemContextImplNtNtCsdN6oERfiKAV_16fluentbase_types13rwasm_context12RwasmContextEE0B4_
FNF:15
FNH:10
DA:24,1
DA:25,1
DA:26,1
DA:27,0
DA:28,1
DA:29,1
DA:30,1
DA:31,0
DA:32,1
DA:33,1
DA:34,1
DA:36,1
DA:37,1
DA:38,1
DA:39,0
DA:40,1
DA:41,1
DA:42,1
DA:43,0
DA:44,1
DA:45,1
DA:46,1
DA:48,1
DA:49,1
DA:50,1
DA:51,1
DA:52,1
DA:53,0
DA:54,0
DA:55,0
DA:56,0
DA:57,0
DA:58,0
DA:59,0
DA:60,0
DA:61,0
DA:62,0
DA:63,0
DA:64,1
DA:66,1
DA:67,1
DA:68,1
DA:69,1
DA:70,1
DA:71,0
DA:72,0
DA:73,0
DA:74,0
DA:75,0
DA:76,0
DA:77,0
DA:78,0
DA:79,0
DA:80,0
DA:81,0
DA:82,1
DA:84,1
DA:85,1
DA:86,1
DA:87,1
DA:88,1
DA:89,0
DA:90,0
DA:91,0
DA:92,0
DA:93,0
DA:94,0
DA:95,0
DA:96,0
DA:97,0
DA:98,0
DA:99,0
DA:100,1
DA:102,1
DA:103,1
DA:104,1
DA:105,0
DA:106,1
DA:107,1
DA:108,1
DA:109,1
DA:110,0
DA:111,0
DA:112,0
DA:113,0
DA:114,0
DA:115,0
DA:116,1
DA:118,1
DA:119,1
DA:120,1
DA:121,0
DA:122,1
DA:123,1
DA:124,1
DA:125,1
DA:126,0
DA:127,0
DA:128,0
DA:129,0
DA:130,0
DA:131,0
DA:132,1
DA:134,7
DA:135,7
DA:137,7
DA:138,1
DA:139,1
DA:140,1
DA:141,1
DA:142,1
DA:143,1
DA:144,1
DA:145,0
DA:146,7
DA:147,0
DA:148,0
DA:149,0
DA:150,7
BRF:0
BRH:0
LF:126
LH:66
end_of_record
SF:contracts/bn256/src/lib.rs
FN:84,_RINvCscxPErMRvKxr_26fluentbase_contracts_bn25610main_entryINtNtCse1vxMWk3eMV_14fluentbase_sdk6system17SystemContextImplNtNtCsdN6oERfiKAV_16fluentbase_types13rwasm_context12RwasmContextEEB2_
FN:137,_RNCINvCscxPErMRvKxr_26fluentbase_contracts_bn25610main_entryINtNtCse1vxMWk3eMV_14fluentbase_sdk6system17SystemContextImplNtNtCsdN6oERfiKAV_16fluentbase_types13rwasm_context12RwasmContextEE0B4_
FN:156,_RNCINvCscxPErMRvKxr_26fluentbase_contracts_bn25610main_entryINtNtCse1vxMWk3eMV_14fluentbase_sdk6system17SystemContextImplNtNtCsdN6oERfiKAV_16fluentbase_types13rwasm_context12RwasmContextEEs_0B4_
FN:39,_RNvCscxPErMRvKxr_26fluentbase_contracts_bn25611is_identity
FN:45,_RNvCscxPErMRvKxr_26fluentbase_contracts_bn25612are_inverses
FN:50,_RNvCscxPErMRvKxr_26fluentbase_contracts_bn25614is_valid_point
FN:25,_RNvCscxPErMRvKxr_26fluentbase_contracts_bn25614point_be_to_le
FN:32,_RNvCscxPErMRvKxr_26fluentbase_contracts_bn25614point_le_to_be
FNDA:3,_RINvCscxPErMRvKxr_26fluentbase_contracts_bn25610main_entryINtNtCse1vxMWk3eMV_14fluentbase_sdk6system17SystemContextImplNtNtCsdN6oERfiKAV_16fluentbase_types13rwasm_context12RwasmContextEEB2_
FNDA:0,_RNCINvCscxPErMRvKxr_26fluentbase_contracts_bn25610main_entryINtNtCse1vxMWk3eMV_14fluentbase_sdk6system17SystemContextImplNtNtCsdN6oERfiKAV_16fluentbase_types13rwasm_context12RwasmContextEE0B4_
FNDA:0,_RNCINvCscxPErMRvKxr_26fluentbase_contracts_bn25610main_entryINtNtCse1vxMWk3eMV_14fluentbase_sdk6system17SystemContextImplNtNtCsdN6oERfiKAV_16fluentbase_types13rwasm_context12RwasmContextEEs_0B4_
FNDA:3,_RNvCscxPErMRvKxr_26fluentbase_contracts_bn25611is_identity
FNDA:0,_RNvCscxPErMRvKxr_26fluentbase_contracts_bn25612are_inverses
FNDA:2,_RNvCscxPErMRvKxr_26fluentbase_contracts_bn25614is_valid_point
FNDA:2,_RNvCscxPErMRvKxr_26fluentbase_contracts_bn25614point_be_to_le
FNDA:1,_RNvCscxPErMRvKxr_26fluentbase_contracts_bn25614point_le_to_be
FNF:8
FNH:5
DA:25,2
DA:26,2
DA:27,2
DA:28,2
DA:32,1
DA:33,1
DA:34,1
DA:35,1
DA:39,3
DA:40,3
DA:41,3
DA:45,0
DA:46,0
DA:47,0
DA:50,2
DA:55,2
DA:56,2
DA:57,0
DA:60,0
DA:61,0
DA:62,0
DA:63,0
DA:64,0
DA:65,0
DA:68,0
DA:69,0
DA:70,0
DA:72,0
DA:73,0
DA:74,0
DA:78,0
DA:81,0
DA:82,2
DA:84,3
DA:85,3
DA:86,3
DA:88,3
DA:90,1
DA:93,1
DA:94,1
DA:95,1
DA:98,1
DA:99,1
DA:100,1
DA:101,1
DA:104,1
DA:106,0
DA:107,1
DA:110,1
DA:111,1
DA:113,1
DA:114,1
DA:117,1
DA:118,1
DA:119,0
DA:120,0
DA:121,0
DA:122,0
DA:123,0
DA:124,0
DA:126,0
DA:130,1
DA:131,1
DA:132,1
DA:135,1
DA:136,1
DA:137,1
DA:138,0
DA:139,0
DA:140,0
DA:142,0
DA:143,1
DA:144,1
DA:147,1
DA:148,1
DA:149,1
DA:150,1
DA:151,1
DA:156,1
DA:157,0
DA:158,0
DA:159,0
DA:160,1
DA:161,1
DA:163,0
DA:165,3
BRF:0
BRH:0
LF:90
LH:52
end_of_record
SF:crates/codec/src/bytes_codec.rs
FN:108,_RINvNtCsguG9LYndPnp_16fluentbase_codec11bytes_codec10read_bytesNtCsbbGaL8a2zN8_9byteorder9BigEndianKj20_Kb1_RShECs5egdXeRCQ6_36fluentbase_contracts_runtime_upgrade
FN:41,_RINvNtCsguG9LYndPnp_16fluentbase_codec11bytes_codec11write_bytesNtCsbbGaL8a2zN8_9byteorder9BigEndianKj20_Kb1_ECs5egdXeRCQ6_36fluentbase_contracts_runtime_upgrade
FN:128,_RINvNtCsguG9LYndPnp_16fluentbase_codec11bytes_codec17read_bytes_headerNtCsbbGaL8a2zN8_9byteorder9BigEndianKj20_Kb1_RShECs5egdXeRCQ6_36fluentbase_contracts_runtime_upgrade
FN:58,_RINvNtCsguG9LYndPnp_16fluentbase_codec11bytes_codec20write_bytes_solidityNtCsbbGaL8a2zN8_9byteorder9BigEndianKj20_ECs5egdXeRCQ6_36fluentbase_contracts_runtime_upgrade
FN:201,_RINvNtCsguG9LYndPnp_16fluentbase_codec11bytes_codec26read_bytes_header_solidityNtCsbbGaL8a2zN8_9byteorder9BigEndianKj20_RShECs5egdXeRCQ6_36fluentbase_contracts_runtime_upgrade
FN:41,_RINvNtCsguG9LYndPnp_16fluentbase_codec11bytes_codec11write_bytesNtCsbbGaL8a2zN8_9byteorder9BigEndianKj20_Kb1_ECshWcZnKdX39A_36fluentbase_contracts_universal_token
FN:58,_RINvNtCsguG9LYndPnp_16fluentbase_codec11bytes_codec20write_bytes_solidityNtCsbbGaL8a2zN8_9byteorder9BigEndianKj20_ECshWcZnKdX39A_36fluentbase_contracts_universal_token
FN:108,_RINvNtCsguG9LYndPnp_16fluentbase_codec11bytes_codec10read_bytesNtCsbbGaL8a2zN8_9byteorder9BigEndianKj20_Kb1_RShECsayFWXmOhl4C_29fluentbase_contracts_webauthn
FN:128,_RINvNtCsguG9LYndPnp_16fluentbase_codec11bytes_codec17read_bytes_headerNtCsbbGaL8a2zN8_9byteorder9BigEndianKj20_Kb1_RShECsayFWXmOhl4C_29fluentbase_contracts_webauthn
FN:201,_RINvNtCsguG9LYndPnp_16fluentbase_codec11bytes_codec26read_bytes_header_solidityNtCsbbGaL8a2zN8_9byteorder9BigEndianKj20_RShECsayFWXmOhl4C_29fluentbase_contracts_webauthn
FNDA:0,_RINvNtCsguG9LYndPnp_16fluentbase_codec11bytes_codec10read_bytesNtCsbbGaL8a2zN8_9byteorder9BigEndianKj20_Kb1_RShECs5egdXeRCQ6_36fluentbase_contracts_runtime_upgrade
FNDA:0,_RINvNtCsguG9LYndPnp_16fluentbase_codec11bytes_codec11write_bytesNtCsbbGaL8a2zN8_9byteorder9BigEndianKj20_Kb1_ECs5egdXeRCQ6_36fluentbase_contracts_runtime_upgrade
FNDA:0,_RINvNtCsguG9LYndPnp_16fluentbase_codec11bytes_codec17read_bytes_headerNtCsbbGaL8a2zN8_9byteorder9BigEndianKj20_Kb1_RShECs5egdXeRCQ6_36fluentbase_contracts_runtime_upgrade
FNDA:0,_RINvNtCsguG9LYndPnp_16fluentbase_codec11bytes_codec20write_bytes_solidityNtCsbbGaL8a2zN8_9byteorder9BigEndianKj20_ECs5egdXeRCQ6_36fluentbase_contracts_runtime_upgrade
FNDA:0,_RINvNtCsguG9LYndPnp_16fluentbase_codec11bytes_codec26read_bytes_header_solidityNtCsbbGaL8a2zN8_9byteorder9BigEndianKj20_RShECs5egdXeRCQ6_36fluentbase_contracts_runtime_upgrade
FNDA:2,_RINvNtCsguG9LYndPnp_16fluentbase_codec11bytes_codec11write_bytesNtCsbbGaL8a2zN8_9byteorder9BigEndianKj20_Kb1_ECshWcZnKdX39A_36fluentbase_contracts_universal_token
FNDA:2,_RINvNtCsguG9LYndPnp_16fluentbase_codec11bytes_codec20write_bytes_solidityNtCsbbGaL8a2zN8_9byteorder9BigEndianKj20_ECshWcZnKdX39A_36fluentbase_contracts_universal_token
FNDA:0,_RINvNtCsguG9LYndPnp_16fluentbase_codec11bytes_codec10read_bytesNtCsbbGaL8a2zN8_9byteorder9BigEndianKj20_Kb1_RShECsayFWXmOhl4C_29fluentbase_contracts_webauthn
FNDA:0,_RINvNtCsguG9LYndPnp_16fluentbase_codec11bytes_codec17read_bytes_headerNtCsbbGaL8a2zN8_9byteorder9BigEndianKj20_Kb1_RShECsayFWXmOhl4C_29fluentbase_contracts_webauthn
FNDA:0,_RINvNtCsguG9LYndPnp_16fluentbase_codec11bytes_codec26read_bytes_header_solidityNtCsbbGaL8a2zN8_9byteorder9BigEndianKj20_RShECsayFWXmOhl4C_29fluentbase_contracts_webauthn
FNF:5
FNH:2
DA:41,2
DA:42,2
DA:43,2
DA:44,2
DA:45,2
DA:46,2
DA:47,2
DA:48,2
DA:50,2
DA:51,2
DA:53,0
DA:55,2
DA:58,2
DA:59,2
DA:60,2
DA:61,2
DA:62,2
DA:63,2
DA:66,2
DA:67,0
DA:68,2
DA:69,2
DA:72,2
DA:75,2
DA:78,2
DA:79,2
DA:108,0
DA:109,0
DA:110,0
DA:111,0
DA:112,0
DA:114,0
DA:115,0
DA:116,0
DA:117,0
DA:118,0
DA:120,0
DA:123,0
DA:124,0
DA:128,0
DA:129,0
DA:130,0
DA:131,0
DA:132,0
DA:133,0
DA:134,0
DA:136,0
DA:201,0
DA:202,0
DA:203,0
DA:204,0
DA:205,0
DA:207,0
DA:209,0
DA:210,0
BRF:0
BRH:0
LF:55
LH:24
end_of_record
SF:crates/codec/src/encoder.rs
FN:148,_RINvMNtCsguG9LYndPnp_16fluentbase_codec7encoderINtB3_11SolidityABITNtNtNtCsd60e912dntL_16alloy_primitives4bits7address7AddressEE20decode_function_argsRShECs2DJCMMRZQDm_32fluentbase_contracts_fee_manager
FN:190,_RINvNtCsguG9LYndPnp_16fluentbase_codec7encoder13is_big_endianNtCsbbGaL8a2zN8_9byteorder9BigEndianECs2DJCMMRZQDm_32fluentbase_contracts_fee_manager
FN:351,_RINvNtCsguG9LYndPnp_16fluentbase_codec7encoder17get_aligned_sliceNtCsbbGaL8a2zN8_9byteorder9BigEndianKj20_ECs2DJCMMRZQDm_32fluentbase_contracts_fee_manager
FN:281,_RINvNtCsguG9LYndPnp_16fluentbase_codec7encoder20checked_decode_sliceRShECs2DJCMMRZQDm_32fluentbase_contracts_fee_manager
FN:306,_RINvNtCsguG9LYndPnp_16fluentbase_codec7encoder25checked_decode_slice_fromRShECs2DJCMMRZQDm_32fluentbase_contracts_fee_manager
FN:197,_RINvNtCsguG9LYndPnp_16fluentbase_codec7encoder8align_upKj20_ECs2DJCMMRZQDm_32fluentbase_contracts_fee_manager
FN:292,_RNCINvNtCsguG9LYndPnp_16fluentbase_codec7encoder20checked_decode_sliceRShE0Cs2DJCMMRZQDm_32fluentbase_contracts_fee_manager
FN:313,_RNCINvNtCsguG9LYndPnp_16fluentbase_codec7encoder25checked_decode_slice_fromRShE0Cs2DJCMMRZQDm_32fluentbase_contracts_fee_manager
FN:141,_RNvMNtCsguG9LYndPnp_16fluentbase_codec7encoderINtB2_11SolidityABITNtNtNtCsd60e912dntL_16alloy_primitives4bits7address7AddressEE20encode_function_argsCs2DJCMMRZQDm_32fluentbase_contracts_fee_manager
FN:141,_RNvMNtCsguG9LYndPnp_16fluentbase_codec7encoderINtB2_11SolidityABITNtNtNtCsd60e912dntL_16alloy_primitives4bits7address7AddressINtCsl3oOn1Uftat_5ruint4UintKj100_Kj4_EEE20encode_function_argsCs2DJCMMRZQDm_32fluentbase_contracts_fee_manager
FN:148,_RINvMNtCsguG9LYndPnp_16fluentbase_codec7encoderINtB3_11SolidityABITINtNtNtCsd60e912dntL_16alloy_primitives4bits5fixed10FixedBytesKj20_ENtNtCsbwPUJzPwehH_5alloc6string6StringINtNtB2d_3vec3VecNtNtB18_7address7AddressEIB2M_B13_EB32_EE20decode_function_argsRShECs5egdXeRCQ6_36fluentbase_contracts_runtime_upgrade
FN:148,_RINvMNtCsguG9LYndPnp_16fluentbase_codec7encoderINtB3_11SolidityABITNtNtNtCsd60e912dntL_16alloy_primitives4bits7address7AddressEE20decode_function_argsRShECs5egdXeRCQ6_36fluentbase_contracts_runtime_upgrade
FN:148,_RINvMNtCsguG9LYndPnp_16fluentbase_codec7encoderINtB3_11SolidityABITNtNtNtCsd60e912dntL_16alloy_primitives4bits7address7AddressINtNtB17_5fixed10FixedBytesKj20_ENtNtCsbwPUJzPwehH_5alloc6string6StringNtNtB19_6bytes_5BytesEE20decode_function_argsRShECs5egdXeRCQ6_36fluentbase_contracts_runtime_upgrade
FN:148,_RINvMNtCsguG9LYndPnp_16fluentbase_codec7encoderINtB3_11SolidityABITNtNtNtCsd60e912dntL_16alloy_primitives4bits7address7AddressNtNtB19_6bytes_5BytesEE20decode_function_argsRShECs5egdXeRCQ6_36fluentbase_contracts_runtime_upgrade
FN:190,_RINvNtCsguG9LYndPnp_16fluentbase_codec7encoder13is_big_endianNtCsbbGaL8a2zN8_9byteorder9BigEndianECs5egdXeRCQ6_36fluentbase_contracts_runtime_upgrade
FN:231,_RINvNtCsguG9LYndPnp_16fluentbase_codec7encoder16read_u32_alignedNtCsbbGaL8a2zN8_9byteorder9BigEndianKj20_RShECs5egdXeRCQ6_36fluentbase_contracts_runtime_upgrade
FN:351,_RINvNtCsguG9LYndPnp_16fluentbase_codec7encoder17get_aligned_sliceNtCsbbGaL8a2zN8_9byteorder9BigEndianKj20_ECs5egdXeRCQ6_36fluentbase_contracts_runtime_upgrade
FN:212,_RINvNtCsguG9LYndPnp_16fluentbase_codec7encoder17write_u32_alignedNtCsbbGaL8a2zN8_9byteorder9BigEndianKj20_ECs5egdXeRCQ6_36fluentbase_contracts_runtime_upgrade
FN:281,_RINvNtCsguG9LYndPnp_16fluentbase_codec7encoder20checked_decode_sliceRShECs5egdXeRCQ6_36fluentbase_contracts_runtime_upgrade
FN:306,_RINvNtCsguG9LYndPnp_16fluentbase_codec7encoder25checked_decode_slice_fromNtNtCs34km0kLIIxQ_5bytes5bytes5BytesECs5egdXeRCQ6_36fluentbase_contracts_runtime_upgrade
FN:306,_RINvNtCsguG9LYndPnp_16fluentbase_codec7encoder25checked_decode_slice_fromRShECs5egdXeRCQ6_36fluentbase_contracts_runtime_upgrade
FN:197,_RINvNtCsguG9LYndPnp_16fluentbase_codec7encoder8align_upKj20_ECs5egdXeRCQ6_36fluentbase_contracts_runtime_upgrade
FN:238,_RNCINvNtCsguG9LYndPnp_16fluentbase_codec7encoder16read_u32_alignedNtCsbbGaL8a2zN8_9byteorder9BigEndianKj20_RShE0Cs5egdXeRCQ6_36fluentbase_contracts_runtime_upgrade
FN:292,_RNCINvNtCsguG9LYndPnp_16fluentbase_codec7encoder20checked_decode_sliceRShE0Cs5egdXeRCQ6_36fluentbase_contracts_runtime_upgrade
FN:313,_RNCINvNtCsguG9LYndPnp_16fluentbase_codec7encoder25checked_decode_slice_fromNtNtCs34km0kLIIxQ_5bytes5bytes5BytesE0Cs5egdXeRCQ6_36fluentbase_contracts_runtime_upgrade
FN:313,_RNCINvNtCsguG9LYndPnp_16fluentbase_codec7encoder25checked_decode_slice_fromRShE0Cs5egdXeRCQ6_36fluentbase_contracts_runtime_upgrade
FN:141,_RNvMNtCsguG9LYndPnp_16fluentbase_codec7encoderINtB2_11SolidityABITINtNtNtCsd60e912dntL_16alloy_primitives4bits5fixed10FixedBytesKj20_EEE20encode_function_argsCs5egdXeRCQ6_36fluentbase_contracts_runtime_upgrade
FN:141,_RNvMNtCsguG9LYndPnp_16fluentbase_codec7encoderINtB2_11SolidityABITNtNtCsbwPUJzPwehH_5alloc6string6StringINtNtB16_3vec3VecNtNtNtCsd60e912dntL_16alloy_primitives4bits7address7AddressEIB1F_INtNtB1Z_5fixed10FixedBytesKj20_EEB1V_EE20encode_function_argsCs5egdXeRCQ6_36fluentbase_contracts_runtime_upgrade
FN:141,_RNvMNtCsguG9LYndPnp_16fluentbase_codec7encoderINtB2_11SolidityABITNtNtCsbwPUJzPwehH_5alloc6string6StringINtNtNtCsd60e912dntL_16alloy_primitives4bits5fixed10FixedBytesKj20_EEE20encode_function_argsCs5egdXeRCQ6_36fluentbase_contracts_runtime_upgrade
FN:141,_RNvMNtCsguG9LYndPnp_16fluentbase_codec7encoderINtB2_11SolidityABITNtNtNtCsd60e912dntL_16alloy_primitives4bits7address7AddressEE20encode_function_argsCs5egdXeRCQ6_36fluentbase_contracts_runtime_upgrade
FN:141,_RNvMNtCsguG9LYndPnp_16fluentbase_codec7encoderINtB2_11SolidityABITNtNtNtCsd60e912dntL_16alloy_primitives4bits7address7AddressINtNtCsbwPUJzPwehH_5alloc3vec3VecB12_EIB20_INtNtB16_5fixed10FixedBytesKj20_EEEE20encode_function_argsCs5egdXeRCQ6_36fluentbase_contracts_runtime_upgrade
FN:85,_RINvMs3_NtCsguG9LYndPnp_16fluentbase_codec7encoderINtB6_11SolidityABINtNtNtCse1vxMWk3eMV_14fluentbase_sdk15universal_token7command11BurnCommandE6decodeRShECshWcZnKdX39A_36fluentbase_contracts_universal_token
FN:85,_RINvMs3_NtCsguG9LYndPnp_16fluentbase_codec7encoderINtB6_11SolidityABINtNtNtCse1vxMWk3eMV_14fluentbase_sdk15universal_token7command11MintCommandE6decodeRShECshWcZnKdX39A_36fluentbase_contracts_universal_token
FN:85,_RINvMs3_NtCsguG9LYndPnp_16fluentbase_codec7encoderINtB6_11SolidityABINtNtNtCse1vxMWk3eMV_14fluentbase_sdk15universal_token7command13NoncesCommandE6decodeRShECshWcZnKdX39A_36fluentbase_contracts_universal_token
FN:85,_RINvMs3_NtCsguG9LYndPnp_16fluentbase_codec7encoderINtB6_11SolidityABINtNtNtCse1vxMWk3eMV_14fluentbase_sdk15universal_token7command13PermitCommandE6decodeRShECshWcZnKdX39A_36fluentbase_contracts_universal_token
FN:85,_RINvMs3_NtCsguG9LYndPnp_16fluentbase_codec7encoderINtB6_11SolidityABINtNtNtCse1vxMWk3eMV_14fluentbase_sdk15universal_token7command14ApproveCommandE6decodeRShECshWcZnKdX39A_36fluentbase_contracts_universal_token
FN:85,_RINvMs3_NtCsguG9LYndPnp_16fluentbase_codec7encoderINtB6_11SolidityABINtNtNtCse1vxMWk3eMV_14fluentbase_sdk15universal_token7command15TransferCommandE6decodeRShECshWcZnKdX39A_36fluentbase_contracts_universal_token
FN:85,_RINvMs3_NtCsguG9LYndPnp_16fluentbase_codec7encoderINtB6_11SolidityABINtNtNtCse1vxMWk3eMV_14fluentbase_sdk15universal_token7command15WithdrawCommandE6decodeRShECshWcZnKdX39A_36fluentbase_contracts_universal_token
FN:85,_RINvMs3_NtCsguG9LYndPnp_16fluentbase_codec7encoderINtB6_11SolidityABINtNtNtCse1vxMWk3eMV_14fluentbase_sdk15universal_token7command16AllowanceCommandE6decodeRShECshWcZnKdX39A_36fluentbase_contracts_universal_token
FN:85,_RINvMs3_NtCsguG9LYndPnp_16fluentbase_codec7encoderINtB6_11SolidityABINtNtNtCse1vxMWk3eMV_14fluentbase_sdk15universal_token7command16BalanceOfCommandE6decodeRShECshWcZnKdX39A_36fluentbase_contracts_universal_token
FN:85,_RINvMs3_NtCsguG9LYndPnp_16fluentbase_codec7encoderINtB6_11SolidityABINtNtNtCse1vxMWk3eMV_14fluentbase_sdk15universal_token7command19TransferFromCommandE6decodeRShECshWcZnKdX39A_36fluentbase_contracts_universal_token
FN:190,_RINvNtCsguG9LYndPnp_16fluentbase_codec7encoder13is_big_endianNtCsbbGaL8a2zN8_9byteorder9BigEndianECshWcZnKdX39A_36fluentbase_contracts_universal_token
FN:351,_RINvNtCsguG9LYndPnp_16fluentbase_codec7encoder17get_aligned_sliceNtCsbbGaL8a2zN8_9byteorder9BigEndianKj20_ECshWcZnKdX39A_36fluentbase_contracts_universal_token
FN:212,_RINvNtCsguG9LYndPnp_16fluentbase_codec7encoder17write_u32_alignedNtCsbbGaL8a2zN8_9byteorder9BigEndianKj20_ECshWcZnKdX39A_36fluentbase_contracts_universal_token
FN:281,_RINvNtCsguG9LYndPnp_16fluentbase_codec7encoder20checked_decode_sliceRShECshWcZnKdX39A_36fluentbase_contracts_universal_token
FN:306,_RINvNtCsguG9LYndPnp_16fluentbase_codec7encoder25checked_decode_slice_fromRShECshWcZnKdX39A_36fluentbase_contracts_universal_token
FN:197,_RINvNtCsguG9LYndPnp_16fluentbase_codec7encoder8align_upKj20_ECshWcZnKdX39A_36fluentbase_contracts_universal_token
FN:292,_RNCINvNtCsguG9LYndPnp_16fluentbase_codec7encoder20checked_decode_sliceRShE0CshWcZnKdX39A_36fluentbase_contracts_universal_token
FN:313,_RNCINvNtCsguG9LYndPnp_16fluentbase_codec7encoder25checked_decode_slice_fromRShE0CshWcZnKdX39A_36fluentbase_contracts_universal_token
FN:141,_RNvMNtCsguG9LYndPnp_16fluentbase_codec7encoderINtB2_11SolidityABITINtCsl3oOn1Uftat_5ruint4UintKj100_Kj4_EEE20encode_function_argsCshWcZnKdX39A_36fluentbase_contracts_universal_token
FN:141,_RNvMNtCsguG9LYndPnp_16fluentbase_codec7encoderINtB2_11SolidityABITNtNtNtCsd60e912dntL_16alloy_primitives4bits7address7AddressEE20encode_function_argsCshWcZnKdX39A_36fluentbase_contracts_universal_token
FN:81,_RNvMs3_NtCsguG9LYndPnp_16fluentbase_codec7encoderINtB5_11SolidityABINtNtCsbwPUJzPwehH_5alloc6string6StringE6encodeCshWcZnKdX39A_36fluentbase_contracts_universal_token
FN:85,_RINvMs3_NtCsguG9LYndPnp_16fluentbase_codec7encoderINtB6_11SolidityABITNtNtCsd60e912dntL_16alloy_primitives6bytes_5BytesbINtNtNtB1a_4bits5fixed10FixedBytesKj20_EB16_NtNtCsayFWXmOhl4C_29fluentbase_contracts_webauthn8webauthn12WebAuthnAuthINtCsl3oOn1Uftat_5ruint4UintKj100_Kj4_EB3M_EE6decodeRShEB2G_
FN:85,_RINvMs3_NtCsguG9LYndPnp_16fluentbase_codec7encoderINtB6_11SolidityABITNtNtCsd60e912dntL_16alloy_primitives6bytes_5BytesbNtNtCsayFWXmOhl4C_29fluentbase_contracts_webauthn8webauthn12WebAuthnAuthINtCsl3oOn1Uftat_5ruint4UintKj100_Kj4_EB34_EE6decodeRShEB1Y_
FN:190,_RINvNtCsguG9LYndPnp_16fluentbase_codec7encoder13is_big_endianNtCsbbGaL8a2zN8_9byteorder9BigEndianECsayFWXmOhl4C_29fluentbase_contracts_webauthn
FN:231,_RINvNtCsguG9LYndPnp_16fluentbase_codec7encoder16read_u32_alignedNtCsbbGaL8a2zN8_9byteorder9BigEndianKj20_RShECsayFWXmOhl4C_29fluentbase_contracts_webauthn
FN:281,_RINvNtCsguG9LYndPnp_16fluentbase_codec7encoder20checked_decode_sliceRShECsayFWXmOhl4C_29fluentbase_contracts_webauthn
FN:306,_RINvNtCsguG9LYndPnp_16fluentbase_codec7encoder25checked_decode_slice_fromRShECsayFWXmOhl4C_29fluentbase_contracts_webauthn
FN:197,_RINvNtCsguG9LYndPnp_16fluentbase_codec7encoder8align_upKj20_ECsayFWXmOhl4C_29fluentbase_contracts_webauthn
FN:238,_RNCINvNtCsguG9LYndPnp_16fluentbase_codec7encoder16read_u32_alignedNtCsbbGaL8a2zN8_9byteorder9BigEndianKj20_RShE0CsayFWXmOhl4C_29fluentbase_contracts_webauthn
FN:292,_RNCINvNtCsguG9LYndPnp_16fluentbase_codec7encoder20checked_decode_sliceRShE0CsayFWXmOhl4C_29fluentbase_contracts_webauthn
FN:313,_RNCINvNtCsguG9LYndPnp_16fluentbase_codec7encoder25checked_decode_slice_fromRShE0CsayFWXmOhl4C_29fluentbase_contracts_webauthn
FNDA:0,_RINvMNtCsguG9LYndPnp_16fluentbase_codec7encoderINtB3_11SolidityABITNtNtNtCsd60e912dntL_16alloy_primitives4bits7address7AddressEE20decode_function_argsRShECs2DJCMMRZQDm_32fluentbase_contracts_fee_manager
FNDA:0,_RINvNtCsguG9LYndPnp_16fluentbase_codec7encoder13is_big_endianNtCsbbGaL8a2zN8_9byteorder9BigEndianECs2DJCMMRZQDm_32fluentbase_contracts_fee_manager
FNDA:0,_RINvNtCsguG9LYndPnp_16fluentbase_codec7encoder17get_aligned_sliceNtCsbbGaL8a2zN8_9byteorder9BigEndianKj20_ECs2DJCMMRZQDm_32fluentbase_contracts_fee_manager
FNDA:0,_RINvNtCsguG9LYndPnp_16fluentbase_codec7encoder20checked_decode_sliceRShECs2DJCMMRZQDm_32fluentbase_contracts_fee_manager
FNDA:0,_RINvNtCsguG9LYndPnp_16fluentbase_codec7encoder25checked_decode_slice_fromRShECs2DJCMMRZQDm_32fluentbase_contracts_fee_manager
FNDA:0,_RINvNtCsguG9LYndPnp_16fluentbase_codec7encoder8align_upKj20_ECs2DJCMMRZQDm_32fluentbase_contracts_fee_manager
FNDA:0,_RNCINvNtCsguG9LYndPnp_16fluentbase_codec7encoder20checked_decode_sliceRShE0Cs2DJCMMRZQDm_32fluentbase_contracts_fee_manager
FNDA:0,_RNCINvNtCsguG9LYndPnp_16fluentbase_codec7encoder25checked_decode_slice_fromRShE0Cs2DJCMMRZQDm_32fluentbase_contracts_fee_manager
FNDA:0,_RNvMNtCsguG9LYndPnp_16fluentbase_codec7encoderINtB2_11SolidityABITNtNtNtCsd60e912dntL_16alloy_primitives4bits7address7AddressEE20encode_function_argsCs2DJCMMRZQDm_32fluentbase_contracts_fee_manager
FNDA:0,_RNvMNtCsguG9LYndPnp_16fluentbase_codec7encoderINtB2_11SolidityABITNtNtNtCsd60e912dntL_16alloy_primitives4bits7address7AddressINtCsl3oOn1Uftat_5ruint4UintKj100_Kj4_EEE20encode_function_argsCs2DJCMMRZQDm_32fluentbase_contracts_fee_manager
FNDA:0,_RINvMNtCsguG9LYndPnp_16fluentbase_codec7encoderINtB3_11SolidityABITINtNtNtCsd60e912dntL_16alloy_primitives4bits5fixed10FixedBytesKj20_ENtNtCsbwPUJzPwehH_5alloc6string6StringINtNtB2d_3vec3VecNtNtB18_7address7AddressEIB2M_B13_EB32_EE20decode_function_argsRShECs5egdXeRCQ6_36fluentbase_contracts_runtime_upgrade
FNDA:0,_RINvMNtCsguG9LYndPnp_16fluentbase_codec7encoderINtB3_11SolidityABITNtNtNtCsd60e912dntL_16alloy_primitives4bits7address7AddressEE20decode_function_argsRShECs5egdXeRCQ6_36fluentbase_contracts_runtime_upgrade
FNDA:0,_RINvMNtCsguG9LYndPnp_16fluentbase_codec7encoderINtB3_11SolidityABITNtNtNtCsd60e912dntL_16alloy_primitives4bits7address7AddressINtNtB17_5fixed10FixedBytesKj20_ENtNtCsbwPUJzPwehH_5alloc6string6StringNtNtB19_6bytes_5BytesEE20decode_function_argsRShECs5egdXeRCQ6_36fluentbase_contracts_runtime_upgrade
FNDA:0,_RINvMNtCsguG9LYndPnp_16fluentbase_codec7encoderINtB3_11SolidityABITNtNtNtCsd60e912dntL_16alloy_primitives4bits7address7AddressNtNtB19_6bytes_5BytesEE20decode_function_argsRShECs5egdXeRCQ6_36fluentbase_contracts_runtime_upgrade
FNDA:0,_RINvNtCsguG9LYndPnp_16fluentbase_codec7encoder13is_big_endianNtCsbbGaL8a2zN8_9byteorder9BigEndianECs5egdXeRCQ6_36fluentbase_contracts_runtime_upgrade
FNDA:0,_RINvNtCsguG9LYndPnp_16fluentbase_codec7encoder16read_u32_alignedNtCsbbGaL8a2zN8_9byteorder9BigEndianKj20_RShECs5egdXeRCQ6_36fluentbase_contracts_runtime_upgrade
FNDA:0,_RINvNtCsguG9LYndPnp_16fluentbase_codec7encoder17get_aligned_sliceNtCsbbGaL8a2zN8_9byteorder9BigEndianKj20_ECs5egdXeRCQ6_36fluentbase_contracts_runtime_upgrade
FNDA:0,_RINvNtCsguG9LYndPnp_16fluentbase_codec7encoder17write_u32_alignedNtCsbbGaL8a2zN8_9byteorder9BigEndianKj20_ECs5egdXeRCQ6_36fluentbase_contracts_runtime_upgrade
FNDA:0,_RINvNtCsguG9LYndPnp_16fluentbase_codec7encoder20checked_decode_sliceRShECs5egdXeRCQ6_36fluentbase_contracts_runtime_upgrade
FNDA:0,_RINvNtCsguG9LYndPnp_16fluentbase_codec7encoder25checked_decode_slice_fromNtNtCs34km0kLIIxQ_5bytes5bytes5BytesECs5egdXeRCQ6_36fluentbase_contracts_runtime_upgrade
FNDA:0,_RINvNtCsguG9LYndPnp_16fluentbase_codec7encoder25checked_decode_slice_fromRShECs5egdXeRCQ6_36fluentbase_contracts_runtime_upgrade
FNDA:0,_RINvNtCsguG9LYndPnp_16fluentbase_codec7encoder8align_upKj20_ECs5egdXeRCQ6_36fluentbase_contracts_runtime_upgrade
FNDA:0,_RNCINvNtCsguG9LYndPnp_16fluentbase_codec7encoder16read_u32_alignedNtCsbbGaL8a2zN8_9byteorder9BigEndianKj20_RShE0Cs5egdXeRCQ6_36fluentbase_contracts_runtime_upgrade
FNDA:0,_RNCINvNtCsguG9LYndPnp_16fluentbase_codec7encoder20checked_decode_sliceRShE0Cs5egdXeRCQ6_36fluentbase_contracts_runtime_upgrade
FNDA:0,_RNCINvNtCsguG9LYndPnp_16fluentbase_codec7encoder25checked_decode_slice_fromNtNtCs34km0kLIIxQ_5bytes5bytes5BytesE0Cs5egdXeRCQ6_36fluentbase_contracts_runtime_upgrade
FNDA:0,_RNCINvNtCsguG9LYndPnp_16fluentbase_codec7encoder25checked_decode_slice_fromRShE0Cs5egdXeRCQ6_36fluentbase_contracts_runtime_upgrade
FNDA:0,_RNvMNtCsguG9LYndPnp_16fluentbase_codec7encoderINtB2_11SolidityABITINtNtNtCsd60e912dntL_16alloy_primitives4bits5fixed10FixedBytesKj20_EEE20encode_function_argsCs5egdXeRCQ6_36fluentbase_contracts_runtime_upgrade
FNDA:0,_RNvMNtCsguG9LYndPnp_16fluentbase_codec7encoderINtB2_11SolidityABITNtNtCsbwPUJzPwehH_5alloc6string6StringINtNtB16_3vec3VecNtNtNtCsd60e912dntL_16alloy_primitives4bits7address7AddressEIB1F_INtNtB1Z_5fixed10FixedBytesKj20_EEB1V_EE20encode_function_argsCs5egdXeRCQ6_36fluentbase_contracts_runtime_upgrade
FNDA:0,_RNvMNtCsguG9LYndPnp_16fluentbase_codec7encoderINtB2_11SolidityABITNtNtCsbwPUJzPwehH_5alloc6string6StringINtNtNtCsd60e912dntL_16alloy_primitives4bits5fixed10FixedBytesKj20_EEE20encode_function_argsCs5egdXeRCQ6_36fluentbase_contracts_runtime_upgrade
FNDA:0,_RNvMNtCsguG9LYndPnp_16fluentbase_codec7encoderINtB2_11SolidityABITNtNtNtCsd60e912dntL_16alloy_primitives4bits7address7AddressEE20encode_function_argsCs5egdXeRCQ6_36fluentbase_contracts_runtime_upgrade
FNDA:0,_RNvMNtCsguG9LYndPnp_16fluentbase_codec7encoderINtB2_11SolidityABITNtNtNtCsd60e912dntL_16alloy_primitives4bits7address7AddressINtNtCsbwPUJzPwehH_5alloc3vec3VecB12_EIB20_INtNtB16_5fixed10FixedBytesKj20_EEEE20encode_function_argsCs5egdXeRCQ6_36fluentbase_contracts_runtime_upgrade
FNDA:0,_RINvMs3_NtCsguG9LYndPnp_16fluentbase_codec7encoderINtB6_11SolidityABINtNtNtCse1vxMWk3eMV_14fluentbase_sdk15universal_token7command11BurnCommandE6decodeRShECshWcZnKdX39A_36fluentbase_contracts_universal_token
FNDA:1,_RINvMs3_NtCsguG9LYndPnp_16fluentbase_codec7encoderINtB6_11SolidityABINtNtNtCse1vxMWk3eMV_14fluentbase_sdk15universal_token7command11MintCommandE6decodeRShECshWcZnKdX39A_36fluentbase_contracts_universal_token
FNDA:0,_RINvMs3_NtCsguG9LYndPnp_16fluentbase_codec7encoderINtB6_11SolidityABINtNtNtCse1vxMWk3eMV_14fluentbase_sdk15universal_token7command13NoncesCommandE6decodeRShECshWcZnKdX39A_36fluentbase_contracts_universal_token
FNDA:0,_RINvMs3_NtCsguG9LYndPnp_16fluentbase_codec7encoderINtB6_11SolidityABINtNtNtCse1vxMWk3eMV_14fluentbase_sdk15universal_token7command13PermitCommandE6decodeRShECshWcZnKdX39A_36fluentbase_contracts_universal_token
FNDA:1,_RINvMs3_NtCsguG9LYndPnp_16fluentbase_codec7encoderINtB6_11SolidityABINtNtNtCse1vxMWk3eMV_14fluentbase_sdk15universal_token7command14ApproveCommandE6decodeRShECshWcZnKdX39A_36fluentbase_contracts_universal_token
FNDA:1,_RINvMs3_NtCsguG9LYndPnp_16fluentbase_codec7encoderINtB6_11SolidityABINtNtNtCse1vxMWk3eMV_14fluentbase_sdk15universal_token7command15TransferCommandE6decodeRShECshWcZnKdX39A_36fluentbase_contracts_universal_token
FNDA:0,_RINvMs3_NtCsguG9LYndPnp_16fluentbase_codec7encoderINtB6_11SolidityABINtNtNtCse1vxMWk3eMV_14fluentbase_sdk15universal_token7command15WithdrawCommandE6decodeRShECshWcZnKdX39A_36fluentbase_contracts_universal_token
FNDA:3,_RINvMs3_NtCsguG9LYndPnp_16fluentbase_codec7encoderINtB6_11SolidityABINtNtNtCse1vxMWk3eMV_14fluentbase_sdk15universal_token7command16AllowanceCommandE6decodeRShECshWcZnKdX39A_36fluentbase_contracts_universal_token
FNDA:3,_RINvMs3_NtCsguG9LYndPnp_16fluentbase_codec7encoderINtB6_11SolidityABINtNtNtCse1vxMWk3eMV_14fluentbase_sdk15universal_token7command16BalanceOfCommandE6decodeRShECshWcZnKdX39A_36fluentbase_contracts_universal_token
FNDA:2,_RINvMs3_NtCsguG9LYndPnp_16fluentbase_codec7encoderINtB6_11SolidityABINtNtNtCse1vxMWk3eMV_14fluentbase_sdk15universal_token7command19TransferFromCommandE6decodeRShECshWcZnKdX39A_36fluentbase_contracts_universal_token
FNDA:21,_RINvNtCsguG9LYndPnp_16fluentbase_codec7encoder13is_big_endianNtCsbbGaL8a2zN8_9byteorder9BigEndianECshWcZnKdX39A_36fluentbase_contracts_universal_token
FNDA:7,_RINvNtCsguG9LYndPnp_16fluentbase_codec7encoder17get_aligned_sliceNtCsbbGaL8a2zN8_9byteorder9BigEndianKj20_ECshWcZnKdX39A_36fluentbase_contracts_universal_token
FNDA:4,_RINvNtCsguG9LYndPnp_16fluentbase_codec7encoder17write_u32_alignedNtCsbbGaL8a2zN8_9byteorder9BigEndianKj20_ECshWcZnKdX39A_36fluentbase_contracts_universal_token
FNDA:21,_RINvNtCsguG9LYndPnp_16fluentbase_codec7encoder20checked_decode_sliceRShECshWcZnKdX39A_36fluentbase_contracts_universal_token
FNDA:11,_RINvNtCsguG9LYndPnp_16fluentbase_codec7encoder25checked_decode_slice_fromRShECshWcZnKdX39A_36fluentbase_contracts_universal_token
FNDA:59,_RINvNtCsguG9LYndPnp_16fluentbase_codec7encoder8align_upKj20_ECshWcZnKdX39A_36fluentbase_contracts_universal_token
FNDA:0,_RNCINvNtCsguG9LYndPnp_16fluentbase_codec7encoder20checked_decode_sliceRShE0CshWcZnKdX39A_36fluentbase_contracts_universal_token
FNDA:0,_RNCINvNtCsguG9LYndPnp_16fluentbase_codec7encoder25checked_decode_slice_fromRShE0CshWcZnKdX39A_36fluentbase_contracts_universal_token
FNDA:5,_RNvMNtCsguG9LYndPnp_16fluentbase_codec7encoderINtB2_11SolidityABITINtCsl3oOn1Uftat_5ruint4UintKj100_Kj4_EEE20encode_function_argsCshWcZnKdX39A_36fluentbase_contracts_universal_token
FNDA:2,_RNvMNtCsguG9LYndPnp_16fluentbase_codec7encoderINtB2_11SolidityABITNtNtNtCsd60e912dntL_16alloy_primitives4bits7address7AddressEE20encode_function_argsCshWcZnKdX39A_36fluentbase_contracts_universal_token
FNDA:2,_RNvMs3_NtCsguG9LYndPnp_16fluentbase_codec7encoderINtB5_11SolidityABINtNtCsbwPUJzPwehH_5alloc6string6StringE6encodeCshWcZnKdX39A_36fluentbase_contracts_universal_token
FNDA:0,_RINvMs3_NtCsguG9LYndPnp_16fluentbase_codec7encoderINtB6_11SolidityABITNtNtCsd60e912dntL_16alloy_primitives6bytes_5BytesbINtNtNtB1a_4bits5fixed10FixedBytesKj20_EB16_NtNtCsayFWXmOhl4C_29fluentbase_contracts_webauthn8webauthn12WebAuthnAuthINtCsl3oOn1Uftat_5ruint4UintKj100_Kj4_EB3M_EE6decodeRShEB2G_
FNDA:0,_RINvMs3_NtCsguG9LYndPnp_16fluentbase_codec7encoderINtB6_11SolidityABITNtNtCsd60e912dntL_16alloy_primitives6bytes_5BytesbNtNtCsayFWXmOhl4C_29fluentbase_contracts_webauthn8webauthn12WebAuthnAuthINtCsl3oOn1Uftat_5ruint4UintKj100_Kj4_EB34_EE6decodeRShEB1Y_
FNDA:0,_RINvNtCsguG9LYndPnp_16fluentbase_codec7encoder13is_big_endianNtCsbbGaL8a2zN8_9byteorder9BigEndianECsayFWXmOhl4C_29fluentbase_contracts_webauthn
FNDA:0,_RINvNtCsguG9LYndPnp_16fluentbase_codec7encoder16read_u32_alignedNtCsbbGaL8a2zN8_9byteorder9BigEndianKj20_RShECsayFWXmOhl4C_29fluentbase_contracts_webauthn
FNDA:0,_RINvNtCsguG9LYndPnp_16fluentbase_codec7encoder20checked_decode_sliceRShECsayFWXmOhl4C_29fluentbase_contracts_webauthn
FNDA:0,_RINvNtCsguG9LYndPnp_16fluentbase_codec7encoder25checked_decode_slice_fromRShECsayFWXmOhl4C_29fluentbase_contracts_webauthn
FNDA:0,_RINvNtCsguG9LYndPnp_16fluentbase_codec7encoder8align_upKj20_ECsayFWXmOhl4C_29fluentbase_contracts_webauthn
FNDA:0,_RNCINvNtCsguG9LYndPnp_16fluentbase_codec7encoder16read_u32_alignedNtCsbbGaL8a2zN8_9byteorder9BigEndianKj20_RShE0CsayFWXmOhl4C_29fluentbase_contracts_webauthn
FNDA:0,_RNCINvNtCsguG9LYndPnp_16fluentbase_codec7encoder20checked_decode_sliceRShE0CsayFWXmOhl4C_29fluentbase_contracts_webauthn
FNDA:0,_RNCINvNtCsguG9LYndPnp_16fluentbase_codec7encoder25checked_decode_slice_fromRShE0CsayFWXmOhl4C_29fluentbase_contracts_webauthn
FNF:14
FNH:9
DA:81,2
DA:82,2
DA:83,2
DA:85,11
DA:86,11
DA:87,11
DA:141,7
DA:142,7
DA:143,7
DA:145,7
DA:146,7
DA:148,0
DA:149,0
DA:150,0
DA:152,0
DA:153,0
DA:190,21
DA:191,21
DA:192,21
DA:197,59
DA:198,59
DA:199,59
DA:212,4
DA:213,4
DA:214,4
DA:215,4
DA:216,4
DA:217,4
DA:219,4
DA:221,4
DA:222,4
DA:223,4
DA:224,4
DA:225,4
DA:226,0
DA:227,0
DA:228,0
DA:229,4
DA:231,0
DA:232,0
DA:233,0
DA:234,0
DA:235,0
DA:238,0
DA:239,0
DA:240,0
DA:241,0
DA:242,0
DA:243,0
DA:245,0
DA:246,0
DA:247,0
DA:248,0
DA:249,0
DA:250,0
DA:251,0
DA:252,0
DA:253,0
DA:260,0
DA:261,0
DA:262,0
DA:263,0
DA:266,0
DA:268,0
DA:269,0
DA:270,0
DA:273,0
DA:276,0
DA:277,0
DA:281,21
DA:282,21
DA:283,21
DA:284,21
DA:285,21
DA:286,21
DA:287,21
DA:288,21
DA:289,21
DA:290,21
DA:292,21
DA:293,0
DA:294,0
DA:295,0
DA:296,0
DA:297,0
DA:298,0
DA:299,21
DA:306,11
DA:307,11
DA:308,11
DA:309,11
DA:310,11
DA:311,11
DA:313,11
DA:314,0
DA:315,0
DA:316,0
DA:317,0
DA:318,0
DA:319,0
DA:320,11
DA:351,7
DA:352,7
DA:353,7
DA:354,7
DA:355,7
DA:356,7
DA:357,7
DA:360,7
DA:362,7
DA:364,7
DA:367,0
DA:370,7
DA:371,7
BRF:0
BRH:0
LF:118
LH:62
end_of_record
SF:crates/codec/src/evm.rs
FN:306,_RINvXs9_NtCsguG9LYndPnp_16fluentbase_codec3evmNtNtNtCsd60e912dntL_16alloy_primitives4bits7address7AddressINtNtB8_7encoder7EncoderNtCsbbGaL8a2zN8_9byteorder9BigEndianKj20_Kb1_Kb0_E6decodeRShECs2DJCMMRZQDm_32fluentbase_contracts_fee_manager
FN:411,_RNvXs5_NtCsguG9LYndPnp_16fluentbase_codec3evmINtCsl3oOn1Uftat_5ruint4UintKj100_Kj4_EINtNtB7_7encoder7EncoderNtCsbbGaL8a2zN8_9byteorder9BigEndianKj20_Kb1_Kb0_E6encodeCs2DJCMMRZQDm_32fluentbase_contracts_fee_manager
FN:293,_RNvXs9_NtCsguG9LYndPnp_16fluentbase_codec3evmNtNtNtCsd60e912dntL_16alloy_primitives4bits7address7AddressINtNtB7_7encoder7EncoderNtCsbbGaL8a2zN8_9byteorder9BigEndianKj20_Kb1_Kb0_E6encodeCs2DJCMMRZQDm_32fluentbase_contracts_fee_manager
FN:48,_RINvXNtCsguG9LYndPnp_16fluentbase_codec3evmNtNtCsd60e912dntL_16alloy_primitives6bytes_5BytesINtNtB5_7encoder7EncoderNtCsbbGaL8a2zN8_9byteorder9BigEndianKj20_Kb1_Kb0_E6decodeRShECs5egdXeRCQ6_36fluentbase_contracts_runtime_upgrade
FN:110,_RINvXs0_NtCsguG9LYndPnp_16fluentbase_codec3evmNtNtCsbwPUJzPwehH_5alloc6string6StringINtNtB8_7encoder7EncoderNtCsbbGaL8a2zN8_9byteorder9BigEndianKj20_Kb1_Kb0_E6decodeRShECs5egdXeRCQ6_36fluentbase_contracts_runtime_upgrade
FN:211,_RINvXs3_NtCsguG9LYndPnp_16fluentbase_codec3evmINtNtNtCsd60e912dntL_16alloy_primitives4bits5fixed10FixedBytesKj20_EINtNtB8_7encoder7EncoderNtCsbbGaL8a2zN8_9byteorder9BigEndianKB1J_Kb1_Kb0_E6decodeRShECs5egdXeRCQ6_36fluentbase_contracts_runtime_upgrade
FN:306,_RINvXs9_NtCsguG9LYndPnp_16fluentbase_codec3evmNtNtNtCsd60e912dntL_16alloy_primitives4bits7address7AddressINtNtB8_7encoder7EncoderNtCsbbGaL8a2zN8_9byteorder9BigEndianKj20_Kb1_Kb0_E6decodeRShECs5egdXeRCQ6_36fluentbase_contracts_runtime_upgrade
FN:112,_RNCINvXs0_NtCsguG9LYndPnp_16fluentbase_codec3evmNtNtCsbwPUJzPwehH_5alloc6string6StringINtNtBa_7encoder7EncoderNtCsbbGaL8a2zN8_9byteorder9BigEndianKj20_Kb1_Kb0_E6decodeRShE0Cs5egdXeRCQ6_36fluentbase_contracts_runtime_upgrade
FN:22,_RNvXNtCsguG9LYndPnp_16fluentbase_codec3evmNtNtCsd60e912dntL_16alloy_primitives6bytes_5BytesINtNtB4_7encoder7EncoderNtCsbbGaL8a2zN8_9byteorder9BigEndianKj20_Kb1_Kb0_E6encodeCs5egdXeRCQ6_36fluentbase_contracts_runtime_upgrade
FN:102,_RNvXs0_NtCsguG9LYndPnp_16fluentbase_codec3evmNtNtCsbwPUJzPwehH_5alloc6string6StringINtNtB7_7encoder7EncoderNtCsbbGaL8a2zN8_9byteorder9BigEndianKj20_Kb1_Kb0_E6encodeCs5egdXeRCQ6_36fluentbase_contracts_runtime_upgrade
FN:200,_RNvXs3_NtCsguG9LYndPnp_16fluentbase_codec3evmINtNtNtCsd60e912dntL_16alloy_primitives4bits5fixed10FixedBytesKj20_EINtNtB7_7encoder7EncoderNtCsbbGaL8a2zN8_9byteorder9BigEndianKB1I_Kb1_Kb0_E6encodeCs5egdXeRCQ6_36fluentbase_contracts_runtime_upgrade
FN:293,_RNvXs9_NtCsguG9LYndPnp_16fluentbase_codec3evmNtNtNtCsd60e912dntL_16alloy_primitives4bits7address7AddressINtNtB7_7encoder7EncoderNtCsbbGaL8a2zN8_9byteorder9BigEndianKj20_Kb1_Kb0_E6encodeCs5egdXeRCQ6_36fluentbase_contracts_runtime_upgrade
FN:427,_RINvXs5_NtCsguG9LYndPnp_16fluentbase_codec3evmINtCsl3oOn1Uftat_5ruint4UintKj100_Kj4_EINtNtB8_7encoder7EncoderNtCsbbGaL8a2zN8_9byteorder9BigEndianKj20_Kb1_Kb0_E6decodeRShECshWcZnKdX39A_36fluentbase_contracts_universal_token
FN:306,_RINvXs9_NtCsguG9LYndPnp_16fluentbase_codec3evmNtNtNtCsd60e912dntL_16alloy_primitives4bits7address7AddressINtNtB8_7encoder7EncoderNtCsbbGaL8a2zN8_9byteorder9BigEndianKj20_Kb1_Kb0_E6decodeRShECshWcZnKdX39A_36fluentbase_contracts_universal_token
FN:22,_RNvXNtCsguG9LYndPnp_16fluentbase_codec3evmNtNtCsd60e912dntL_16alloy_primitives6bytes_5BytesINtNtB4_7encoder7EncoderNtCsbbGaL8a2zN8_9byteorder9BigEndianKj20_Kb1_Kb0_E6encodeCshWcZnKdX39A_36fluentbase_contracts_universal_token
FN:102,_RNvXs0_NtCsguG9LYndPnp_16fluentbase_codec3evmNtNtCsbwPUJzPwehH_5alloc6string6StringINtNtB7_7encoder7EncoderNtCsbbGaL8a2zN8_9byteorder9BigEndianKj20_Kb1_Kb0_E6encodeCshWcZnKdX39A_36fluentbase_contracts_universal_token
FN:411,_RNvXs5_NtCsguG9LYndPnp_16fluentbase_codec3evmINtCsl3oOn1Uftat_5ruint4UintKj100_Kj4_EINtNtB7_7encoder7EncoderNtCsbbGaL8a2zN8_9byteorder9BigEndianKj20_Kb1_Kb0_E6encodeCshWcZnKdX39A_36fluentbase_contracts_universal_token
FN:293,_RNvXs9_NtCsguG9LYndPnp_16fluentbase_codec3evmNtNtNtCsd60e912dntL_16alloy_primitives4bits7address7AddressINtNtB7_7encoder7EncoderNtCsbbGaL8a2zN8_9byteorder9BigEndianKj20_Kb1_Kb0_E6encodeCshWcZnKdX39A_36fluentbase_contracts_universal_token
FN:48,_RINvXNtCsguG9LYndPnp_16fluentbase_codec3evmNtNtCsd60e912dntL_16alloy_primitives6bytes_5BytesINtNtB5_7encoder7EncoderNtCsbbGaL8a2zN8_9byteorder9BigEndianKj20_Kb1_Kb0_E6decodeRShECsayFWXmOhl4C_29fluentbase_contracts_webauthn
FN:211,_RINvXs3_NtCsguG9LYndPnp_16fluentbase_codec3evmINtNtNtCsd60e912dntL_16alloy_primitives4bits5fixed10FixedBytesKj20_EINtNtB8_7encoder7EncoderNtCsbbGaL8a2zN8_9byteorder9BigEndianKB1J_Kb1_Kb0_E6decodeRShECsayFWXmOhl4C_29fluentbase_contracts_webauthn
FN:427,_RINvXs5_NtCsguG9LYndPnp_16fluentbase_codec3evmINtCsl3oOn1Uftat_5ruint4UintKj100_Kj4_EINtNtB8_7encoder7EncoderNtCsbbGaL8a2zN8_9byteorder9BigEndianKj20_Kb1_Kb0_E6decodeRShECsayFWXmOhl4C_29fluentbase_contracts_webauthn
FNDA:0,_RINvXs9_NtCsguG9LYndPnp_16fluentbase_codec3evmNtNtNtCsd60e912dntL_16alloy_primitives4bits7address7AddressINtNtB8_7encoder7EncoderNtCsbbGaL8a2zN8_9byteorder9BigEndianKj20_Kb1_Kb0_E6decodeRShECs2DJCMMRZQDm_32fluentbase_contracts_fee_manager
FNDA:0,_RNvXs5_NtCsguG9LYndPnp_16fluentbase_codec3evmINtCsl3oOn1Uftat_5ruint4UintKj100_Kj4_EINtNtB7_7encoder7EncoderNtCsbbGaL8a2zN8_9byteorder9BigEndianKj20_Kb1_Kb0_E6encodeCs2DJCMMRZQDm_32fluentbase_contracts_fee_manager
FNDA:0,_RNvXs9_NtCsguG9LYndPnp_16fluentbase_codec3evmNtNtNtCsd60e912dntL_16alloy_primitives4bits7address7AddressINtNtB7_7encoder7EncoderNtCsbbGaL8a2zN8_9byteorder9BigEndianKj20_Kb1_Kb0_E6encodeCs2DJCMMRZQDm_32fluentbase_contracts_fee_manager
FNDA:0,_RINvXNtCsguG9LYndPnp_16fluentbase_codec3evmNtNtCsd60e912dntL_16alloy_primitives6bytes_5BytesINtNtB5_7encoder7EncoderNtCsbbGaL8a2zN8_9byteorder9BigEndianKj20_Kb1_Kb0_E6decodeRShECs5egdXeRCQ6_36fluentbase_contracts_runtime_upgrade
FNDA:0,_RINvXs0_NtCsguG9LYndPnp_16fluentbase_codec3evmNtNtCsbwPUJzPwehH_5alloc6string6StringINtNtB8_7encoder7EncoderNtCsbbGaL8a2zN8_9byteorder9BigEndianKj20_Kb1_Kb0_E6decodeRShECs5egdXeRCQ6_36fluentbase_contracts_runtime_upgrade
FNDA:0,_RINvXs3_NtCsguG9LYndPnp_16fluentbase_codec3evmINtNtNtCsd60e912dntL_16alloy_primitives4bits5fixed10FixedBytesKj20_EINtNtB8_7encoder7EncoderNtCsbbGaL8a2zN8_9byteorder9BigEndianKB1J_Kb1_Kb0_E6decodeRShECs5egdXeRCQ6_36fluentbase_contracts_runtime_upgrade
FNDA:0,_RINvXs9_NtCsguG9LYndPnp_16fluentbase_codec3evmNtNtNtCsd60e912dntL_16alloy_primitives4bits7address7AddressINtNtB8_7encoder7EncoderNtCsbbGaL8a2zN8_9byteorder9BigEndianKj20_Kb1_Kb0_E6decodeRShECs5egdXeRCQ6_36fluentbase_contracts_runtime_upgrade
FNDA:0,_RNCINvXs0_NtCsguG9LYndPnp_16fluentbase_codec3evmNtNtCsbwPUJzPwehH_5alloc6string6StringINtNtBa_7encoder7EncoderNtCsbbGaL8a2zN8_9byteorder9BigEndianKj20_Kb1_Kb0_E6decodeRShE0Cs5egdXeRCQ6_36fluentbase_contracts_runtime_upgrade
FNDA:0,_RNvXNtCsguG9LYndPnp_16fluentbase_codec3evmNtNtCsd60e912dntL_16alloy_primitives6bytes_5BytesINtNtB4_7encoder7EncoderNtCsbbGaL8a2zN8_9byteorder9BigEndianKj20_Kb1_Kb0_E6encodeCs5egdXeRCQ6_36fluentbase_contracts_runtime_upgrade
FNDA:0,_RNvXs0_NtCsguG9LYndPnp_16fluentbase_codec3evmNtNtCsbwPUJzPwehH_5alloc6string6StringINtNtB7_7encoder7EncoderNtCsbbGaL8a2zN8_9byteorder9BigEndianKj20_Kb1_Kb0_E6encodeCs5egdXeRCQ6_36fluentbase_contracts_runtime_upgrade
FNDA:0,_RNvXs3_NtCsguG9LYndPnp_16fluentbase_codec3evmINtNtNtCsd60e912dntL_16alloy_primitives4bits5fixed10FixedBytesKj20_EINtNtB7_7encoder7EncoderNtCsbbGaL8a2zN8_9byteorder9BigEndianKB1I_Kb1_Kb0_E6encodeCs5egdXeRCQ6_36fluentbase_contracts_runtime_upgrade
FNDA:0,_RNvXs9_NtCsguG9LYndPnp_16fluentbase_codec3evmNtNtNtCsd60e912dntL_16alloy_primitives4bits7address7AddressINtNtB7_7encoder7EncoderNtCsbbGaL8a2zN8_9byteorder9BigEndianKj20_Kb1_Kb0_E6encodeCs5egdXeRCQ6_36fluentbase_contracts_runtime_upgrade
FNDA:5,_RINvXs5_NtCsguG9LYndPnp_16fluentbase_codec3evmINtCsl3oOn1Uftat_5ruint4UintKj100_Kj4_EINtNtB8_7encoder7EncoderNtCsbbGaL8a2zN8_9byteorder9BigEndianKj20_Kb1_Kb0_E6decodeRShECshWcZnKdX39A_36fluentbase_contracts_universal_token
FNDA:16,_RINvXs9_NtCsguG9LYndPnp_16fluentbase_codec3evmNtNtNtCsd60e912dntL_16alloy_primitives4bits7address7AddressINtNtB8_7encoder7EncoderNtCsbbGaL8a2zN8_9byteorder9BigEndianKj20_Kb1_Kb0_E6decodeRShECshWcZnKdX39A_36fluentbase_contracts_universal_token
FNDA:2,_RNvXNtCsguG9LYndPnp_16fluentbase_codec3evmNtNtCsd60e912dntL_16alloy_primitives6bytes_5BytesINtNtB4_7encoder7EncoderNtCsbbGaL8a2zN8_9byteorder9BigEndianKj20_Kb1_Kb0_E6encodeCshWcZnKdX39A_36fluentbase_contracts_universal_token
FNDA:2,_RNvXs0_NtCsguG9LYndPnp_16fluentbase_codec3evmNtNtCsbwPUJzPwehH_5alloc6string6StringINtNtB7_7encoder7EncoderNtCsbbGaL8a2zN8_9byteorder9BigEndianKj20_Kb1_Kb0_E6encodeCshWcZnKdX39A_36fluentbase_contracts_universal_token
FNDA:5,_RNvXs5_NtCsguG9LYndPnp_16fluentbase_codec3evmINtCsl3oOn1Uftat_5ruint4UintKj100_Kj4_EINtNtB7_7encoder7EncoderNtCsbbGaL8a2zN8_9byteorder9BigEndianKj20_Kb1_Kb0_E6encodeCshWcZnKdX39A_36fluentbase_contracts_universal_token
FNDA:2,_RNvXs9_NtCsguG9LYndPnp_16fluentbase_codec3evmNtNtNtCsd60e912dntL_16alloy_primitives4bits7address7AddressINtNtB7_7encoder7EncoderNtCsbbGaL8a2zN8_9byteorder9BigEndianKj20_Kb1_Kb0_E6encodeCshWcZnKdX39A_36fluentbase_contracts_universal_token
FNDA:0,_RINvXNtCsguG9LYndPnp_16fluentbase_codec3evmNtNtCsd60e912dntL_16alloy_primitives6bytes_5BytesINtNtB5_7encoder7EncoderNtCsbbGaL8a2zN8_9byteorder9BigEndianKj20_Kb1_Kb0_E6decodeRShECsayFWXmOhl4C_29fluentbase_contracts_webauthn
FNDA:0,_RINvXs3_NtCsguG9LYndPnp_16fluentbase_codec3evmINtNtNtCsd60e912dntL_16alloy_primitives4bits5fixed10FixedBytesKj20_EINtNtB8_7encoder7EncoderNtCsbbGaL8a2zN8_9byteorder9BigEndianKB1J_Kb1_Kb0_E6decodeRShECsayFWXmOhl4C_29fluentbase_contracts_webauthn
FNDA:0,_RINvXs5_NtCsguG9LYndPnp_16fluentbase_codec3evmINtCsl3oOn1Uftat_5ruint4UintKj100_Kj4_EINtNtB8_7encoder7EncoderNtCsbbGaL8a2zN8_9byteorder9BigEndianKj20_Kb1_Kb0_E6decodeRShECsayFWXmOhl4C_29fluentbase_contracts_webauthn
FNF:11
FNH:6
DA:22,2
DA:23,2
DA:24,2
DA:27,2
DA:28,2
DA:29,2
DA:32,2
DA:35,2
DA:38,2
DA:39,2
DA:40,2
DA:41,2
DA:43,2
DA:44,2
DA:48,0
DA:49,0
DA:50,0
DA:102,2
DA:103,2
DA:104,2
DA:105,2
DA:106,2
DA:108,2
DA:110,0
DA:111,0
DA:112,0
DA:113,0
DA:114,0
DA:115,0
DA:116,0
DA:117,0
DA:200,0
DA:201,0
DA:202,0
DA:204,0
DA:205,0
DA:206,0
DA:211,0
DA:212,0
DA:213,0
DA:214,0
DA:215,0
DA:216,0
DA:217,0
DA:218,0
DA:219,0
DA:220,0
DA:221,0
DA:222,0
DA:225,0
DA:226,0
DA:227,0
DA:228,0
DA:293,2
DA:294,2
DA:295,2
DA:297,2
DA:299,2
DA:300,2
DA:301,2
DA:306,16
DA:307,16
DA:308,16
DA:309,0
DA:310,0
DA:311,0
DA:312,0
DA:313,0
DA:314,16
DA:315,16
DA:316,16
DA:317,16
DA:318,16
DA:320,0
DA:321,16
DA:322,16
DA:323,16
DA:411,5
DA:412,5
DA:414,5
DA:415,5
DA:417,0
DA:421,5
DA:422,5
DA:424,5
DA:425,5
DA:427,5
DA:428,5
DA:429,0
DA:430,0
DA:431,0
DA:432,0
DA:433,0
DA:434,5
DA:436,5
DA:437,5
DA:438,5
DA:441,0
DA:442,5
DA:444,5
DA:445,5
DA:447,0
DA:450,5
DA:451,5
BRF:0
BRH:0
LF:105
LH:57
end_of_record
SF:crates/codec/src/func.rs
FN:34,_RINvYTNtNtNtCsd60e912dntL_16alloy_primitives4bits7address7AddressEINtNtCsguG9LYndPnp_16fluentbase_codec4func12FunctionArgsNtCsbbGaL8a2zN8_9byteorder9BigEndianKj20_Kb1_Kb0_E14decode_as_argsRShECs2DJCMMRZQDm_32fluentbase_contracts_fee_manager
FN:16,_RNvYTNtNtNtCsd60e912dntL_16alloy_primitives4bits7address7AddressEINtNtCsguG9LYndPnp_16fluentbase_codec4func12FunctionArgsNtCsbbGaL8a2zN8_9byteorder9BigEndianKj20_Kb1_Kb0_E14encode_as_argsCs2DJCMMRZQDm_32fluentbase_contracts_fee_manager
FN:16,_RNvYTNtNtNtCsd60e912dntL_16alloy_primitives4bits7address7AddressINtCsl3oOn1Uftat_5ruint4UintKj100_Kj4_EEINtNtCsguG9LYndPnp_16fluentbase_codec4func12FunctionArgsNtCsbbGaL8a2zN8_9byteorder9BigEndianKj20_Kb1_Kb0_E14encode_as_argsCs2DJCMMRZQDm_32fluentbase_contracts_fee_manager
FN:34,_RINvYTINtNtNtCsd60e912dntL_16alloy_primitives4bits5fixed10FixedBytesKj20_ENtNtCsbwPUJzPwehH_5alloc6string6StringINtNtB1e_3vec3VecNtNtB9_7address7AddressEIB1N_B4_EB23_EINtNtCsguG9LYndPnp_16fluentbase_codec4func12FunctionArgsNtCsbbGaL8a2zN8_9byteorder9BigEndianKB15_Kb1_Kb0_E14decode_as_argsRShECs5egdXeRCQ6_36fluentbase_contracts_runtime_upgrade
FN:34,_RINvYTNtNtNtCsd60e912dntL_16alloy_primitives4bits7address7AddressEINtNtCsguG9LYndPnp_16fluentbase_codec4func12FunctionArgsNtCsbbGaL8a2zN8_9byteorder9BigEndianKj20_Kb1_Kb0_E14decode_as_argsRShECs5egdXeRCQ6_36fluentbase_contracts_runtime_upgrade
FN:34,_RINvYTNtNtNtCsd60e912dntL_16alloy_primitives4bits7address7AddressINtNtB8_5fixed10FixedBytesKj20_ENtNtCsbwPUJzPwehH_5alloc6string6StringNtNtBa_6bytes_5BytesEINtNtCsguG9LYndPnp_16fluentbase_codec4func12FunctionArgsNtCsbbGaL8a2zN8_9byteorder9BigEndianKB1s_Kb1_Kb0_E14decode_as_argsRShECs5egdXeRCQ6_36fluentbase_contracts_runtime_upgrade
FN:34,_RINvYTNtNtNtCsd60e912dntL_16alloy_primitives4bits7address7AddressNtNtBa_6bytes_5BytesEINtNtCsguG9LYndPnp_16fluentbase_codec4func12FunctionArgsNtCsbbGaL8a2zN8_9byteorder9BigEndianKj20_Kb1_Kb0_E14decode_as_argsRShECs5egdXeRCQ6_36fluentbase_contracts_runtime_upgrade
FN:16,_RNvYTINtNtNtCsd60e912dntL_16alloy_primitives4bits5fixed10FixedBytesKj20_EEINtNtCsguG9LYndPnp_16fluentbase_codec4func12FunctionArgsNtCsbbGaL8a2zN8_9byteorder9BigEndianKB14_Kb1_Kb0_E14encode_as_argsCs5egdXeRCQ6_36fluentbase_contracts_runtime_upgrade
FN:16,_RNvYTNtNtCsbwPUJzPwehH_5alloc6string6StringINtNtB7_3vec3VecNtNtNtCsd60e912dntL_16alloy_primitives4bits7address7AddressEIBG_INtNtBZ_5fixed10FixedBytesKj20_EEBV_EINtNtCsguG9LYndPnp_16fluentbase_codec4func12FunctionArgsNtCsbbGaL8a2zN8_9byteorder9BigEndianKB2o_Kb1_Kb0_E14encode_as_argsCs5egdXeRCQ6_36fluentbase_contracts_runtime_upgrade
FN:16,_RNvYTNtNtCsbwPUJzPwehH_5alloc6string6StringINtNtNtCsd60e912dntL_16alloy_primitives4bits5fixed10FixedBytesKj20_EEINtNtCsguG9LYndPnp_16fluentbase_codec4func12FunctionArgsNtCsbbGaL8a2zN8_9byteorder9BigEndianKB1G_Kb1_Kb0_E14encode_as_argsCs5egdXeRCQ6_36fluentbase_contracts_runtime_upgrade
FN:16,_RNvYTNtNtNtCsd60e912dntL_16alloy_primitives4bits7address7AddressEINtNtCsguG9LYndPnp_16fluentbase_codec4func12FunctionArgsNtCsbbGaL8a2zN8_9byteorder9BigEndianKj20_Kb1_Kb0_E14encode_as_argsCs5egdXeRCQ6_36fluentbase_contracts_runtime_upgrade
FN:16,_RNvYTNtNtNtCsd60e912dntL_16alloy_primitives4bits7address7AddressINtNtCsbwPUJzPwehH_5alloc3vec3VecB3_EIB11_INtNtB7_5fixed10FixedBytesKj20_EEEINtNtCsguG9LYndPnp_16fluentbase_codec4func12FunctionArgsNtCsbbGaL8a2zN8_9byteorder9BigEndianKB27_Kb1_Kb0_E14encode_as_argsCs5egdXeRCQ6_36fluentbase_contracts_runtime_upgrade
FN:16,_RNvYTINtCsl3oOn1Uftat_5ruint4UintKj100_Kj4_EEINtNtCsguG9LYndPnp_16fluentbase_codec4func12FunctionArgsNtCsbbGaL8a2zN8_9byteorder9BigEndianKj20_Kb1_Kb0_E14encode_as_argsCshWcZnKdX39A_36fluentbase_contracts_universal_token
FN:16,_RNvYTNtNtNtCsd60e912dntL_16alloy_primitives4bits7address7AddressEINtNtCsguG9LYndPnp_16fluentbase_codec4func12FunctionArgsNtCsbbGaL8a2zN8_9byteorder9BigEndianKj20_Kb1_Kb0_E14encode_as_argsCshWcZnKdX39A_36fluentbase_contracts_universal_token
FNDA:0,_RINvYTNtNtNtCsd60e912dntL_16alloy_primitives4bits7address7AddressEINtNtCsguG9LYndPnp_16fluentbase_codec4func12FunctionArgsNtCsbbGaL8a2zN8_9byteorder9BigEndianKj20_Kb1_Kb0_E14decode_as_argsRShECs2DJCMMRZQDm_32fluentbase_contracts_fee_manager
FNDA:0,_RNvYTNtNtNtCsd60e912dntL_16alloy_primitives4bits7address7AddressEINtNtCsguG9LYndPnp_16fluentbase_codec4func12FunctionArgsNtCsbbGaL8a2zN8_9byteorder9BigEndianKj20_Kb1_Kb0_E14encode_as_argsCs2DJCMMRZQDm_32fluentbase_contracts_fee_manager
FNDA:0,_RNvYTNtNtNtCsd60e912dntL_16alloy_primitives4bits7address7AddressINtCsl3oOn1Uftat_5ruint4UintKj100_Kj4_EEINtNtCsguG9LYndPnp_16fluentbase_codec4func12FunctionArgsNtCsbbGaL8a2zN8_9byteorder9BigEndianKj20_Kb1_Kb0_E14encode_as_argsCs2DJCMMRZQDm_32fluentbase_contracts_fee_manager
FNDA:0,_RINvYTINtNtNtCsd60e912dntL_16alloy_primitives4bits5fixed10FixedBytesKj20_ENtNtCsbwPUJzPwehH_5alloc6string6StringINtNtB1e_3vec3VecNtNtB9_7address7AddressEIB1N_B4_EB23_EINtNtCsguG9LYndPnp_16fluentbase_codec4func12FunctionArgsNtCsbbGaL8a2zN8_9byteorder9BigEndianKB15_Kb1_Kb0_E14decode_as_argsRShECs5egdXeRCQ6_36fluentbase_contracts_runtime_upgrade
FNDA:0,_RINvYTNtNtNtCsd60e912dntL_16alloy_primitives4bits7address7AddressEINtNtCsguG9LYndPnp_16fluentbase_codec4func12FunctionArgsNtCsbbGaL8a2zN8_9byteorder9BigEndianKj20_Kb1_Kb0_E14decode_as_argsRShECs5egdXeRCQ6_36fluentbase_contracts_runtime_upgrade
FNDA:0,_RINvYTNtNtNtCsd60e912dntL_16alloy_primitives4bits7address7AddressINtNtB8_5fixed10FixedBytesKj20_ENtNtCsbwPUJzPwehH_5alloc6string6StringNtNtBa_6bytes_5BytesEINtNtCsguG9LYndPnp_16fluentbase_codec4func12FunctionArgsNtCsbbGaL8a2zN8_9byteorder9BigEndianKB1s_Kb1_Kb0_E14decode_as_argsRShECs5egdXeRCQ6_36fluentbase_contracts_runtime_upgrade
FNDA:0,_RINvYTNtNtNtCsd60e912dntL_16alloy_primitives4bits7address7AddressNtNtBa_6bytes_5BytesEINtNtCsguG9LYndPnp_16fluentbase_codec4func12FunctionArgsNtCsbbGaL8a2zN8_9byteorder9BigEndianKj20_Kb1_Kb0_E14decode_as_argsRShECs5egdXeRCQ6_36fluentbase_contracts_runtime_upgrade
FNDA:0,_RNvYTINtNtNtCsd60e912dntL_16alloy_primitives4bits5fixed10FixedBytesKj20_EEINtNtCsguG9LYndPnp_16fluentbase_codec4func12FunctionArgsNtCsbbGaL8a2zN8_9byteorder9BigEndianKB14_Kb1_Kb0_E14encode_as_argsCs5egdXeRCQ6_36fluentbase_contracts_runtime_upgrade
FNDA:0,_RNvYTNtNtCsbwPUJzPwehH_5alloc6string6StringINtNtB7_3vec3VecNtNtNtCsd60e912dntL_16alloy_primitives4bits7address7AddressEIBG_INtNtBZ_5fixed10FixedBytesKj20_EEBV_EINtNtCsguG9LYndPnp_16fluentbase_codec4func12FunctionArgsNtCsbbGaL8a2zN8_9byteorder9BigEndianKB2o_Kb1_Kb0_E14encode_as_argsCs5egdXeRCQ6_36fluentbase_contracts_runtime_upgrade
FNDA:0,_RNvYTNtNtCsbwPUJzPwehH_5alloc6string6StringINtNtNtCsd60e912dntL_16alloy_primitives4bits5fixed10FixedBytesKj20_EEINtNtCsguG9LYndPnp_16fluentbase_codec4func12FunctionArgsNtCsbbGaL8a2zN8_9byteorder9BigEndianKB1G_Kb1_Kb0_E14encode_as_argsCs5egdXeRCQ6_36fluentbase_contracts_runtime_upgrade
FNDA:0,_RNvYTNtNtNtCsd60e912dntL_16alloy_primitives4bits7address7AddressEINtNtCsguG9LYndPnp_16fluentbase_codec4func12FunctionArgsNtCsbbGaL8a2zN8_9byteorder9BigEndianKj20_Kb1_Kb0_E14encode_as_argsCs5egdXeRCQ6_36fluentbase_contracts_runtime_upgrade
FNDA:0,_RNvYTNtNtNtCsd60e912dntL_16alloy_primitives4bits7address7AddressINtNtCsbwPUJzPwehH_5alloc3vec3VecB3_EIB11_INtNtB7_5fixed10FixedBytesKj20_EEEINtNtCsguG9LYndPnp_16fluentbase_codec4func12FunctionArgsNtCsbbGaL8a2zN8_9byteorder9BigEndianKB27_Kb1_Kb0_E14encode_as_argsCs5egdXeRCQ6_36fluentbase_contracts_runtime_upgrade
FNDA:5,_RNvYTINtCsl3oOn1Uftat_5ruint4UintKj100_Kj4_EEINtNtCsguG9LYndPnp_16fluentbase_codec4func12FunctionArgsNtCsbbGaL8a2zN8_9byteorder9BigEndianKj20_Kb1_Kb0_E14encode_as_argsCshWcZnKdX39A_36fluentbase_contracts_universal_token
FNDA:2,_RNvYTNtNtNtCsd60e912dntL_16alloy_primitives4bits7address7AddressEINtNtCsguG9LYndPnp_16fluentbase_codec4func12FunctionArgsNtCsbbGaL8a2zN8_9byteorder9BigEndianKj20_Kb1_Kb0_E14encode_as_argsCshWcZnKdX39A_36fluentbase_contracts_universal_token
FNF:2
FNH:1
DA:16,7
DA:17,7
DA:19,0
DA:20,0
DA:23,0
DA:24,0
DA:25,0
DA:26,0
DA:29,7
DA:31,7
DA:34,0
DA:35,0
DA:38,0
DA:41,0
DA:42,0
DA:43,0
DA:44,0
DA:45,0
DA:46,0
DA:47,0
DA:48,0
DA:49,0
DA:52,0
DA:55,0
DA:58,0
DA:60,0
BRF:0
BRH:0
LF:26
LH:4
end_of_record
SF:crates/codec/src/primitive.rs
FN:53,_RINvXs_NtCsguG9LYndPnp_16fluentbase_codec9primitivehINtNtB7_7encoder7EncoderNtCsbbGaL8a2zN8_9byteorder9BigEndianKj20_Kb1_Kb0_E6decodeRShECshWcZnKdX39A_36fluentbase_contracts_universal_token
FN:89,_RINvXs0_NtCsguG9LYndPnp_16fluentbase_codec9primitivebINtNtB8_7encoder7EncoderNtCsbbGaL8a2zN8_9byteorder9BigEndianKj20_Kb1_Kb0_E6decodeRShECsayFWXmOhl4C_29fluentbase_contracts_webauthn
FN:53,_RINvXs_NtCsguG9LYndPnp_16fluentbase_codec9primitivehINtNtB7_7encoder7EncoderNtCsbbGaL8a2zN8_9byteorder9BigEndianKj20_Kb1_KB1S_E6decodeRShECsayFWXmOhl4C_29fluentbase_contracts_webauthn
FNDA:0,_RINvXs_NtCsguG9LYndPnp_16fluentbase_codec9primitivehINtNtB7_7encoder7EncoderNtCsbbGaL8a2zN8_9byteorder9BigEndianKj20_Kb1_Kb0_E6decodeRShECshWcZnKdX39A_36fluentbase_contracts_universal_token
FNDA:0,_RINvXs0_NtCsguG9LYndPnp_16fluentbase_codec9primitivebINtNtB8_7encoder7EncoderNtCsbbGaL8a2zN8_9byteorder9BigEndianKj20_Kb1_Kb0_E6decodeRShECsayFWXmOhl4C_29fluentbase_contracts_webauthn
FNDA:0,_RINvXs_NtCsguG9LYndPnp_16fluentbase_codec9primitivehINtNtB7_7encoder7EncoderNtCsbbGaL8a2zN8_9byteorder9BigEndianKj20_Kb1_KB1S_E6decodeRShECsayFWXmOhl4C_29fluentbase_contracts_webauthn
FNF:2
FNH:0
DA:53,0
DA:54,0
DA:55,0
DA:57,0
DA:58,0
DA:60,0
DA:61,0
DA:63,0
DA:66,0
DA:67,0
DA:89,0
DA:90,0
DA:92,0
DA:93,0
BRF:0
BRH:0
LF:14
LH:0
end_of_record
SF:crates/codec/src/topic.rs
FN:85,_RINvNtCsguG9LYndPnp_16fluentbase_codec5topic16write_value_wordINtNtNtCsd60e912dntL_16alloy_primitives4bits5fixed10FixedBytesKj20_EECs5egdXeRCQ6_36fluentbase_contracts_runtime_upgrade
FN:62,_RINvNtCsguG9LYndPnp_16fluentbase_codec5topic20encode_indexed_topicINtNtNtCsd60e912dntL_16alloy_primitives4bits5fixed10FixedBytesKj20_EECs5egdXeRCQ6_36fluentbase_contracts_runtime_upgrade
FN:62,_RINvNtCsguG9LYndPnp_16fluentbase_codec5topic20encode_indexed_topicNtNtNtCsd60e912dntL_16alloy_primitives4bits7address7AddressECs5egdXeRCQ6_36fluentbase_contracts_runtime_upgrade
FN:70,_RNCINvNtCsguG9LYndPnp_16fluentbase_codec5topic20encode_indexed_topicINtNtNtCsd60e912dntL_16alloy_primitives4bits5fixed10FixedBytesKj20_EE0Cs5egdXeRCQ6_36fluentbase_contracts_runtime_upgrade
FN:70,_RNCINvNtCsguG9LYndPnp_16fluentbase_codec5topic20encode_indexed_topicNtNtNtCsd60e912dntL_16alloy_primitives4bits7address7AddressE0Cs5egdXeRCQ6_36fluentbase_contracts_runtime_upgrade
FN:133,_RNvXNtCsguG9LYndPnp_16fluentbase_codec5topicINtNtNtCsd60e912dntL_16alloy_primitives4bits5fixed10FixedBytesKj20_ENtB2_18SolidityEventTopic21encode_topic_preimageCs5egdXeRCQ6_36fluentbase_contracts_runtime_upgrade
FN:44,_RNvYINtNtNtCsd60e912dntL_16alloy_primitives4bits5fixed10FixedBytesKj20_ENtNtCsguG9LYndPnp_16fluentbase_codec5topic18SolidityEventTopic18encode_topic_inputCs5egdXeRCQ6_36fluentbase_contracts_runtime_upgrade
FN:44,_RNvYNtNtNtCsd60e912dntL_16alloy_primitives4bits7address7AddressNtNtCsguG9LYndPnp_16fluentbase_codec5topic18SolidityEventTopic18encode_topic_inputCs5egdXeRCQ6_36fluentbase_contracts_runtime_upgrade
FN:62,_RINvNtCsguG9LYndPnp_16fluentbase_codec5topic20encode_indexed_topicNtNtNtCsd60e912dntL_16alloy_primitives4bits7address7AddressECshWcZnKdX39A_36fluentbase_contracts_universal_token
FN:70,_RNCINvNtCsguG9LYndPnp_16fluentbase_codec5topic20encode_indexed_topicNtNtNtCsd60e912dntL_16alloy_primitives4bits7address7AddressE0CshWcZnKdX39A_36fluentbase_contracts_universal_token
FN:44,_RNvYNtNtNtCsd60e912dntL_16alloy_primitives4bits7address7AddressNtNtCsguG9LYndPnp_16fluentbase_codec5topic18SolidityEventTopic18encode_topic_inputCshWcZnKdX39A_36fluentbase_contracts_universal_token
FNDA:0,_RINvNtCsguG9LYndPnp_16fluentbase_codec5topic16write_value_wordINtNtNtCsd60e912dntL_16alloy_primitives4bits5fixed10FixedBytesKj20_EECs5egdXeRCQ6_36fluentbase_contracts_runtime_upgrade
FNDA:0,_RINvNtCsguG9LYndPnp_16fluentbase_codec5topic20encode_indexed_topicINtNtNtCsd60e912dntL_16alloy_primitives4bits5fixed10FixedBytesKj20_EECs5egdXeRCQ6_36fluentbase_contracts_runtime_upgrade
FNDA:0,_RINvNtCsguG9LYndPnp_16fluentbase_codec5topic20encode_indexed_topicNtNtNtCsd60e912dntL_16alloy_primitives4bits7address7AddressECs5egdXeRCQ6_36fluentbase_contracts_runtime_upgrade
FNDA:0,_RNCINvNtCsguG9LYndPnp_16fluentbase_codec5topic20encode_indexed_topicINtNtNtCsd60e912dntL_16alloy_primitives4bits5fixed10FixedBytesKj20_EE0Cs5egdXeRCQ6_36fluentbase_contracts_runtime_upgrade
FNDA:0,_RNCINvNtCsguG9LYndPnp_16fluentbase_codec5topic20encode_indexed_topicNtNtNtCsd60e912dntL_16alloy_primitives4bits7address7AddressE0Cs5egdXeRCQ6_36fluentbase_contracts_runtime_upgrade
FNDA:0,_RNvXNtCsguG9LYndPnp_16fluentbase_codec5topicINtNtNtCsd60e912dntL_16alloy_primitives4bits5fixed10FixedBytesKj20_ENtB2_18SolidityEventTopic21encode_topic_preimageCs5egdXeRCQ6_36fluentbase_contracts_runtime_upgrade
FNDA:0,_RNvYINtNtNtCsd60e912dntL_16alloy_primitives4bits5fixed10FixedBytesKj20_ENtNtCsguG9LYndPnp_16fluentbase_codec5topic18SolidityEventTopic18encode_topic_inputCs5egdXeRCQ6_36fluentbase_contracts_runtime_upgrade
FNDA:0,_RNvYNtNtNtCsd60e912dntL_16alloy_primitives4bits7address7AddressNtNtCsguG9LYndPnp_16fluentbase_codec5topic18SolidityEventTopic18encode_topic_inputCs5egdXeRCQ6_36fluentbase_contracts_runtime_upgrade
FNDA:10,_RINvNtCsguG9LYndPnp_16fluentbase_codec5topic20encode_indexed_topicNtNtNtCsd60e912dntL_16alloy_primitives4bits7address7AddressECshWcZnKdX39A_36fluentbase_contracts_universal_token
FNDA:0,_RNCINvNtCsguG9LYndPnp_16fluentbase_codec5topic20encode_indexed_topicNtNtNtCsd60e912dntL_16alloy_primitives4bits7address7AddressE0CshWcZnKdX39A_36fluentbase_contracts_universal_token
FNDA:10,_RNvYNtNtNtCsd60e912dntL_16alloy_primitives4bits7address7AddressNtNtCsguG9LYndPnp_16fluentbase_codec5topic18SolidityEventTopic18encode_topic_inputCshWcZnKdX39A_36fluentbase_contracts_universal_token
FNF:5
FNH:2
DA:44,10
DA:45,10
DA:46,10
DA:62,10
DA:63,10
DA:64,10
DA:66,10
DA:67,0
DA:68,10
DA:70,10
DA:71,0
DA:72,0
DA:73,0
DA:74,0
DA:75,0
DA:76,0
DA:78,10
DA:79,10
DA:85,0
DA:86,0
DA:87,0
DA:89,0
DA:90,0
DA:91,0
DA:92,0
DA:93,0
DA:133,0
DA:134,0
DA:135,0
BRF:0
BRH:0
LF:31
LH:11
end_of_record
SF:crates/codec/src/tuple.rs
FN:68,_RINvXs_NtCsguG9LYndPnp_16fluentbase_codec5tupleTNtNtNtCsd60e912dntL_16alloy_primitives4bits7address7AddressEINtNtB7_7encoder7EncoderNtCsbbGaL8a2zN8_9byteorder9BigEndianKj20_Kb1_Kb0_E6decodeRShECs2DJCMMRZQDm_32fluentbase_contracts_fee_manager
FN:86,_RNvNtCsguG9LYndPnp_16fluentbase_codec5tuple15is_power_of_two
FN:116,_RNvXs0_NtCsguG9LYndPnp_16fluentbase_codec5tupleTNtNtNtCsd60e912dntL_16alloy_primitives4bits7address7AddressINtCsl3oOn1Uftat_5ruint4UintKj100_Kj4_EEINtNtB7_7encoder7EncoderNtCsbbGaL8a2zN8_9byteorder9BigEndianKj20_Kb1_Kb0_E6encodeCs2DJCMMRZQDm_32fluentbase_contracts_fee_manager
FN:36,_RNvXs_NtCsguG9LYndPnp_16fluentbase_codec5tupleTNtNtNtCsd60e912dntL_16alloy_primitives4bits7address7AddressEINtNtB6_7encoder7EncoderNtCsbbGaL8a2zN8_9byteorder9BigEndianKj20_Kb1_Kb0_E6encodeCs2DJCMMRZQDm_32fluentbase_contracts_fee_manager
FN:211,_RINvXs0_NtCsguG9LYndPnp_16fluentbase_codec5tupleTNtNtNtCsd60e912dntL_16alloy_primitives4bits7address7AddressNtNtBR_6bytes_5BytesEINtNtB8_7encoder7EncoderNtCsbbGaL8a2zN8_9byteorder9BigEndianKj20_Kb1_Kb0_E6decodeNtNtCs34km0kLIIxQ_5bytes5bytes5BytesECs5egdXeRCQ6_36fluentbase_contracts_runtime_upgrade
FN:211,_RINvXs4_NtCsguG9LYndPnp_16fluentbase_codec5tupleTNtNtNtCsd60e912dntL_16alloy_primitives4bits7address7AddressINtNtBP_5fixed10FixedBytesKj20_ENtNtCsbwPUJzPwehH_5alloc6string6StringNtNtBR_6bytes_5BytesEINtNtB8_7encoder7EncoderNtCsbbGaL8a2zN8_9byteorder9BigEndianKB29_Kb1_Kb0_E6decodeNtNtCs34km0kLIIxQ_5bytes5bytes5BytesECs5egdXeRCQ6_36fluentbase_contracts_runtime_upgrade
FN:211,_RINvXs6_NtCsguG9LYndPnp_16fluentbase_codec5tupleTINtNtNtCsd60e912dntL_16alloy_primitives4bits5fixed10FixedBytesKj20_ENtNtCsbwPUJzPwehH_5alloc6string6StringINtNtB1V_3vec3VecNtNtBQ_7address7AddressEIB2u_BL_EB2K_EINtNtB8_7encoder7EncoderNtCsbbGaL8a2zN8_9byteorder9BigEndianKB1M_Kb1_Kb0_E6decodeNtNtCs34km0kLIIxQ_5bytes5bytes5BytesECs5egdXeRCQ6_36fluentbase_contracts_runtime_upgrade
FN:68,_RINvXs_NtCsguG9LYndPnp_16fluentbase_codec5tupleTNtNtNtCsd60e912dntL_16alloy_primitives4bits7address7AddressEINtNtB7_7encoder7EncoderNtCsbbGaL8a2zN8_9byteorder9BigEndianKj20_Kb1_Kb0_E6decodeRShECs5egdXeRCQ6_36fluentbase_contracts_runtime_upgrade
FN:116,_RNvXs0_NtCsguG9LYndPnp_16fluentbase_codec5tupleTNtNtCsbwPUJzPwehH_5alloc6string6StringINtNtNtCsd60e912dntL_16alloy_primitives4bits5fixed10FixedBytesKj20_EEINtNtB7_7encoder7EncoderNtCsbbGaL8a2zN8_9byteorder9BigEndianKB2n_Kb1_Kb0_E6encodeCs5egdXeRCQ6_36fluentbase_contracts_runtime_upgrade
FN:116,_RNvXs2_NtCsguG9LYndPnp_16fluentbase_codec5tupleTNtNtNtCsd60e912dntL_16alloy_primitives4bits7address7AddressINtNtCsbwPUJzPwehH_5alloc3vec3VecBK_EIB1I_INtNtBO_5fixed10FixedBytesKj20_EEEINtNtB7_7encoder7EncoderNtCsbbGaL8a2zN8_9byteorder9BigEndianKB2O_Kb1_Kb0_E6encodeCs5egdXeRCQ6_36fluentbase_contracts_runtime_upgrade
FN:116,_RNvXs4_NtCsguG9LYndPnp_16fluentbase_codec5tupleTNtNtCsbwPUJzPwehH_5alloc6string6StringINtNtBO_3vec3VecNtNtNtCsd60e912dntL_16alloy_primitives4bits7address7AddressEIB1n_INtNtB1G_5fixed10FixedBytesKj20_EEB1C_EINtNtB7_7encoder7EncoderNtCsbbGaL8a2zN8_9byteorder9BigEndianKB37_Kb1_Kb0_E6encodeCs5egdXeRCQ6_36fluentbase_contracts_runtime_upgrade
FN:36,_RNvXs_NtCsguG9LYndPnp_16fluentbase_codec5tupleTINtNtNtCsd60e912dntL_16alloy_primitives4bits5fixed10FixedBytesKj20_EEINtNtB6_7encoder7EncoderNtCsbbGaL8a2zN8_9byteorder9BigEndianKB1K_Kb1_Kb0_E6encodeCs5egdXeRCQ6_36fluentbase_contracts_runtime_upgrade
FN:36,_RNvXs_NtCsguG9LYndPnp_16fluentbase_codec5tupleTNtNtNtCsd60e912dntL_16alloy_primitives4bits7address7AddressEINtNtB6_7encoder7EncoderNtCsbbGaL8a2zN8_9byteorder9BigEndianKj20_Kb1_Kb0_E6encodeCs5egdXeRCQ6_36fluentbase_contracts_runtime_upgrade
FN:36,_RNvXs_NtCsguG9LYndPnp_16fluentbase_codec5tupleTINtCsl3oOn1Uftat_5ruint4UintKj100_Kj4_EEINtNtB6_7encoder7EncoderNtCsbbGaL8a2zN8_9byteorder9BigEndianKj20_Kb1_Kb0_E6encodeCshWcZnKdX39A_36fluentbase_contracts_universal_token
FN:36,_RNvXs_NtCsguG9LYndPnp_16fluentbase_codec5tupleTNtNtNtCsd60e912dntL_16alloy_primitives4bits7address7AddressEINtNtB6_7encoder7EncoderNtCsbbGaL8a2zN8_9byteorder9BigEndianKj20_Kb1_Kb0_E6encodeCshWcZnKdX39A_36fluentbase_contracts_universal_token
FN:211,_RINvXs6_NtCsguG9LYndPnp_16fluentbase_codec5tupleTNtNtCsd60e912dntL_16alloy_primitives6bytes_5BytesbNtNtCsayFWXmOhl4C_29fluentbase_contracts_webauthn8webauthn12WebAuthnAuthINtCsl3oOn1Uftat_5ruint4UintKj100_Kj4_EB2J_EINtNtB8_7encoder7EncoderNtCsbbGaL8a2zN8_9byteorder9BigEndianKj20_Kb1_Kb0_E6decodeRShEB1D_
FN:211,_RINvXsa_NtCsguG9LYndPnp_16fluentbase_codec5tupleTNtNtCsd60e912dntL_16alloy_primitives6bytes_5BytesbINtNtNtBP_4bits5fixed10FixedBytesKj20_EBL_NtNtCsayFWXmOhl4C_29fluentbase_contracts_webauthn8webauthn12WebAuthnAuthINtCsl3oOn1Uftat_5ruint4UintKj100_Kj4_EB3p_EINtNtB8_7encoder7EncoderNtCsbbGaL8a2zN8_9byteorder9BigEndianKB27_Kb1_Kb0_E6decodeRShEB2j_
FNDA:0,_RINvXs_NtCsguG9LYndPnp_16fluentbase_codec5tupleTNtNtNtCsd60e912dntL_16alloy_primitives4bits7address7AddressEINtNtB7_7encoder7EncoderNtCsbbGaL8a2zN8_9byteorder9BigEndianKj20_Kb1_Kb0_E6decodeRShECs2DJCMMRZQDm_32fluentbase_contracts_fee_manager
FNDA:0,_RNvNtCsguG9LYndPnp_16fluentbase_codec5tuple15is_power_of_two
FNDA:0,_RNvXs0_NtCsguG9LYndPnp_16fluentbase_codec5tupleTNtNtNtCsd60e912dntL_16alloy_primitives4bits7address7AddressINtCsl3oOn1Uftat_5ruint4UintKj100_Kj4_EEINtNtB7_7encoder7EncoderNtCsbbGaL8a2zN8_9byteorder9BigEndianKj20_Kb1_Kb0_E6encodeCs2DJCMMRZQDm_32fluentbase_contracts_fee_manager
FNDA:0,_RNvXs_NtCsguG9LYndPnp_16fluentbase_codec5tupleTNtNtNtCsd60e912dntL_16alloy_primitives4bits7address7AddressEINtNtB6_7encoder7EncoderNtCsbbGaL8a2zN8_9byteorder9BigEndianKj20_Kb1_Kb0_E6encodeCs2DJCMMRZQDm_32fluentbase_contracts_fee_manager
FNDA:0,_RINvXs0_NtCsguG9LYndPnp_16fluentbase_codec5tupleTNtNtNtCsd60e912dntL_16alloy_primitives4bits7address7AddressNtNtBR_6bytes_5BytesEINtNtB8_7encoder7EncoderNtCsbbGaL8a2zN8_9byteorder9BigEndianKj20_Kb1_Kb0_E6decodeNtNtCs34km0kLIIxQ_5bytes5bytes5BytesECs5egdXeRCQ6_36fluentbase_contracts_runtime_upgrade
FNDA:0,_RINvXs4_NtCsguG9LYndPnp_16fluentbase_codec5tupleTNtNtNtCsd60e912dntL_16alloy_primitives4bits7address7AddressINtNtBP_5fixed10FixedBytesKj20_ENtNtCsbwPUJzPwehH_5alloc6string6StringNtNtBR_6bytes_5BytesEINtNtB8_7encoder7EncoderNtCsbbGaL8a2zN8_9byteorder9BigEndianKB29_Kb1_Kb0_E6decodeNtNtCs34km0kLIIxQ_5bytes5bytes5BytesECs5egdXeRCQ6_36fluentbase_contracts_runtime_upgrade
FNDA:0,_RINvXs6_NtCsguG9LYndPnp_16fluentbase_codec5tupleTINtNtNtCsd60e912dntL_16alloy_primitives4bits5fixed10FixedBytesKj20_ENtNtCsbwPUJzPwehH_5alloc6string6StringINtNtB1V_3vec3VecNtNtBQ_7address7AddressEIB2u_BL_EB2K_EINtNtB8_7encoder7EncoderNtCsbbGaL8a2zN8_9byteorder9BigEndianKB1M_Kb1_Kb0_E6decodeNtNtCs34km0kLIIxQ_5bytes5bytes5BytesECs5egdXeRCQ6_36fluentbase_contracts_runtime_upgrade
FNDA:0,_RINvXs_NtCsguG9LYndPnp_16fluentbase_codec5tupleTNtNtNtCsd60e912dntL_16alloy_primitives4bits7address7AddressEINtNtB7_7encoder7EncoderNtCsbbGaL8a2zN8_9byteorder9BigEndianKj20_Kb1_Kb0_E6decodeRShECs5egdXeRCQ6_36fluentbase_contracts_runtime_upgrade
FNDA:0,_RNvXs0_NtCsguG9LYndPnp_16fluentbase_codec5tupleTNtNtCsbwPUJzPwehH_5alloc6string6StringINtNtNtCsd60e912dntL_16alloy_primitives4bits5fixed10FixedBytesKj20_EEINtNtB7_7encoder7EncoderNtCsbbGaL8a2zN8_9byteorder9BigEndianKB2n_Kb1_Kb0_E6encodeCs5egdXeRCQ6_36fluentbase_contracts_runtime_upgrade
FNDA:0,_RNvXs2_NtCsguG9LYndPnp_16fluentbase_codec5tupleTNtNtNtCsd60e912dntL_16alloy_primitives4bits7address7AddressINtNtCsbwPUJzPwehH_5alloc3vec3VecBK_EIB1I_INtNtBO_5fixed10FixedBytesKj20_EEEINtNtB7_7encoder7EncoderNtCsbbGaL8a2zN8_9byteorder9BigEndianKB2O_Kb1_Kb0_E6encodeCs5egdXeRCQ6_36fluentbase_contracts_runtime_upgrade
FNDA:0,_RNvXs4_NtCsguG9LYndPnp_16fluentbase_codec5tupleTNtNtCsbwPUJzPwehH_5alloc6string6StringINtNtBO_3vec3VecNtNtNtCsd60e912dntL_16alloy_primitives4bits7address7AddressEIB1n_INtNtB1G_5fixed10FixedBytesKj20_EEB1C_EINtNtB7_7encoder7EncoderNtCsbbGaL8a2zN8_9byteorder9BigEndianKB37_Kb1_Kb0_E6encodeCs5egdXeRCQ6_36fluentbase_contracts_runtime_upgrade
FNDA:0,_RNvXs_NtCsguG9LYndPnp_16fluentbase_codec5tupleTINtNtNtCsd60e912dntL_16alloy_primitives4bits5fixed10FixedBytesKj20_EEINtNtB6_7encoder7EncoderNtCsbbGaL8a2zN8_9byteorder9BigEndianKB1K_Kb1_Kb0_E6encodeCs5egdXeRCQ6_36fluentbase_contracts_runtime_upgrade
FNDA:0,_RNvXs_NtCsguG9LYndPnp_16fluentbase_codec5tupleTNtNtNtCsd60e912dntL_16alloy_primitives4bits7address7AddressEINtNtB6_7encoder7EncoderNtCsbbGaL8a2zN8_9byteorder9BigEndianKj20_Kb1_Kb0_E6encodeCs5egdXeRCQ6_36fluentbase_contracts_runtime_upgrade
FNDA:5,_RNvXs_NtCsguG9LYndPnp_16fluentbase_codec5tupleTINtCsl3oOn1Uftat_5ruint4UintKj100_Kj4_EEINtNtB6_7encoder7EncoderNtCsbbGaL8a2zN8_9byteorder9BigEndianKj20_Kb1_Kb0_E6encodeCshWcZnKdX39A_36fluentbase_contracts_universal_token
FNDA:2,_RNvXs_NtCsguG9LYndPnp_16fluentbase_codec5tupleTNtNtNtCsd60e912dntL_16alloy_primitives4bits7address7AddressEINtNtB6_7encoder7EncoderNtCsbbGaL8a2zN8_9byteorder9BigEndianKj20_Kb1_Kb0_E6encodeCshWcZnKdX39A_36fluentbase_contracts_universal_token
FNDA:0,_RINvXs6_NtCsguG9LYndPnp_16fluentbase_codec5tupleTNtNtCsd60e912dntL_16alloy_primitives6bytes_5BytesbNtNtCsayFWXmOhl4C_29fluentbase_contracts_webauthn8webauthn12WebAuthnAuthINtCsl3oOn1Uftat_5ruint4UintKj100_Kj4_EB2J_EINtNtB8_7encoder7EncoderNtCsbbGaL8a2zN8_9byteorder9BigEndianKj20_Kb1_Kb0_E6decodeRShEB1D_
FNDA:0,_RINvXsa_NtCsguG9LYndPnp_16fluentbase_codec5tupleTNtNtCsd60e912dntL_16alloy_primitives6bytes_5BytesbINtNtNtBP_4bits5fixed10FixedBytesKj20_EBL_NtNtCsayFWXmOhl4C_29fluentbase_contracts_webauthn8webauthn12WebAuthnAuthINtCsl3oOn1Uftat_5ruint4UintKj100_Kj4_EB3p_EINtNtB8_7encoder7EncoderNtCsbbGaL8a2zN8_9byteorder9BigEndianKB27_Kb1_Kb0_E6decodeRShEB2j_
FNF:5
FNH:1
DA:36,7
DA:37,7
DA:38,7
DA:39,7
DA:41,0
DA:43,7
DA:44,0
DA:45,0
DA:46,0
DA:48,0
DA:50,0
DA:51,0
DA:53,0
DA:54,0
DA:55,0
DA:56,0
DA:57,0
DA:59,0
DA:60,0
DA:62,7
DA:65,7
DA:66,7
DA:68,0
DA:69,0
DA:70,0
DA:71,0
DA:73,0
DA:76,0
DA:77,0
DA:86,0
DA:87,0
DA:88,0
DA:116,0
DA:117,0
DA:122,0
DA:123,0
DA:125,0
DA:126,0
DA:128,0
DA:129,0
DA:131,0
DA:134,0
DA:137,0
DA:138,0
DA:139,0
DA:140,0
DA:141,0
DA:142,0
DA:143,0
DA:144,0
DA:146,0
DA:147,0
DA:148,0
DA:149,0
DA:152,0
DA:154,0
DA:155,0
DA:156,0
DA:158,0
DA:159,0
DA:163,0
DA:166,0
DA:167,0
DA:169,0
DA:170,0
DA:171,0
DA:172,0
DA:174,0
DA:176,0
DA:177,0
DA:179,0
DA:180,0
DA:182,0
DA:184,0
DA:187,0
DA:188,0
DA:189,0
DA:190,0
DA:192,0
DA:194,0
DA:195,0
DA:198,0
DA:200,0
DA:202,0
DA:203,0
DA:208,0
DA:209,0
DA:211,0
DA:212,0
DA:213,0
DA:214,0
DA:215,0
DA:216,0
DA:217,0
DA:218,0
DA:220,0
DA:222,0
DA:223,0
DA:224,0
DA:225,0
DA:226,0
DA:227,0
DA:228,0
DA:229,0
DA:230,0
DA:231,0
DA:233,0
DA:236,0
DA:240,0
DA:241,0
DA:242,0
DA:244,0
DA:246,0
DA:249,0
BRF:0
BRH:0
LF:114
LH:8
end_of_record
SF:crates/codec/src/vec.rs
FN:156,_RINvXs_NtCsguG9LYndPnp_16fluentbase_codec3vecINtNtCsbwPUJzPwehH_5alloc3vec3VecINtNtNtCsd60e912dntL_16alloy_primitives4bits5fixed10FixedBytesKj20_EEINtNtB7_7encoder7EncoderNtCsbbGaL8a2zN8_9byteorder9BigEndianKB2f_Kb1_Kb0_E6decodeRShECs5egdXeRCQ6_36fluentbase_contracts_runtime_upgrade
FN:156,_RINvXs_NtCsguG9LYndPnp_16fluentbase_codec3vecINtNtCsbwPUJzPwehH_5alloc3vec3VecNtNtNtCsd60e912dntL_16alloy_primitives4bits7address7AddressEINtNtB7_7encoder7EncoderNtCsbbGaL8a2zN8_9byteorder9BigEndianKj20_Kb1_Kb0_E6decodeRShECs5egdXeRCQ6_36fluentbase_contracts_runtime_upgrade
FN:172,_RNCINvXs_NtCsguG9LYndPnp_16fluentbase_codec3vecINtNtCsbwPUJzPwehH_5alloc3vec3VecINtNtNtCsd60e912dntL_16alloy_primitives4bits5fixed10FixedBytesKj20_EEINtNtB9_7encoder7EncoderNtCsbbGaL8a2zN8_9byteorder9BigEndianKB2h_Kb1_Kb0_E6decodeRShE0Cs5egdXeRCQ6_36fluentbase_contracts_runtime_upgrade
FN:172,_RNCINvXs_NtCsguG9LYndPnp_16fluentbase_codec3vecINtNtCsbwPUJzPwehH_5alloc3vec3VecNtNtNtCsd60e912dntL_16alloy_primitives4bits7address7AddressEINtNtB9_7encoder7EncoderNtCsbbGaL8a2zN8_9byteorder9BigEndianKj20_Kb1_Kb0_E6decodeRShE0Cs5egdXeRCQ6_36fluentbase_contracts_runtime_upgrade
FN:128,_RNvXs_NtCsguG9LYndPnp_16fluentbase_codec3vecINtNtCsbwPUJzPwehH_5alloc3vec3VecINtNtNtCsd60e912dntL_16alloy_primitives4bits5fixed10FixedBytesKj20_EEINtNtB6_7encoder7EncoderNtCsbbGaL8a2zN8_9byteorder9BigEndianKB2e_Kb1_Kb0_E6encodeCs5egdXeRCQ6_36fluentbase_contracts_runtime_upgrade
FN:128,_RNvXs_NtCsguG9LYndPnp_16fluentbase_codec3vecINtNtCsbwPUJzPwehH_5alloc3vec3VecNtNtNtCsd60e912dntL_16alloy_primitives4bits7address7AddressEINtNtB6_7encoder7EncoderNtCsbbGaL8a2zN8_9byteorder9BigEndianKj20_Kb1_Kb0_E6encodeCs5egdXeRCQ6_36fluentbase_contracts_runtime_upgrade
FNDA:0,_RINvXs_NtCsguG9LYndPnp_16fluentbase_codec3vecINtNtCsbwPUJzPwehH_5alloc3vec3VecINtNtNtCsd60e912dntL_16alloy_primitives4bits5fixed10FixedBytesKj20_EEINtNtB7_7encoder7EncoderNtCsbbGaL8a2zN8_9byteorder9BigEndianKB2f_Kb1_Kb0_E6decodeRShECs5egdXeRCQ6_36fluentbase_contracts_runtime_upgrade
FNDA:0,_RINvXs_NtCsguG9LYndPnp_16fluentbase_codec3vecINtNtCsbwPUJzPwehH_5alloc3vec3VecNtNtNtCsd60e912dntL_16alloy_primitives4bits7address7AddressEINtNtB7_7encoder7EncoderNtCsbbGaL8a2zN8_9byteorder9BigEndianKj20_Kb1_Kb0_E6decodeRShECs5egdXeRCQ6_36fluentbase_contracts_runtime_upgrade
FNDA:0,_RNCINvXs_NtCsguG9LYndPnp_16fluentbase_codec3vecINtNtCsbwPUJzPwehH_5alloc3vec3VecINtNtNtCsd60e912dntL_16alloy_primitives4bits5fixed10FixedBytesKj20_EEINtNtB9_7encoder7EncoderNtCsbbGaL8a2zN8_9byteorder9BigEndianKB2h_Kb1_Kb0_E6decodeRShE0Cs5egdXeRCQ6_36fluentbase_contracts_runtime_upgrade
FNDA:0,_RNCINvXs_NtCsguG9LYndPnp_16fluentbase_codec3vecINtNtCsbwPUJzPwehH_5alloc3vec3VecNtNtNtCsd60e912dntL_16alloy_primitives4bits7address7AddressEINtNtB9_7encoder7EncoderNtCsbbGaL8a2zN8_9byteorder9BigEndianKj20_Kb1_Kb0_E6decodeRShE0Cs5egdXeRCQ6_36fluentbase_contracts_runtime_upgrade
FNDA:0,_RNvXs_NtCsguG9LYndPnp_16fluentbase_codec3vecINtNtCsbwPUJzPwehH_5alloc3vec3VecINtNtNtCsd60e912dntL_16alloy_primitives4bits5fixed10FixedBytesKj20_EEINtNtB6_7encoder7EncoderNtCsbbGaL8a2zN8_9byteorder9BigEndianKB2e_Kb1_Kb0_E6encodeCs5egdXeRCQ6_36fluentbase_contracts_runtime_upgrade
FNDA:0,_RNvXs_NtCsguG9LYndPnp_16fluentbase_codec3vecINtNtCsbwPUJzPwehH_5alloc3vec3VecNtNtNtCsd60e912dntL_16alloy_primitives4bits7address7AddressEINtNtB6_7encoder7EncoderNtCsbbGaL8a2zN8_9byteorder9BigEndianKj20_Kb1_Kb0_E6encodeCs5egdXeRCQ6_36fluentbase_contracts_runtime_upgrade
FNF:3
FNH:0
DA:128,0
DA:130,0
DA:131,0
DA:132,0
DA:135,0
DA:137,0
DA:139,0
DA:140,0
DA:141,0
DA:144,0
DA:145,0
DA:146,0
DA:147,0
DA:150,0
DA:151,0
DA:153,0
DA:154,0
DA:156,0
DA:157,0
DA:158,0
DA:160,0
DA:161,0
DA:162,0
DA:164,0
DA:165,0
DA:166,0
DA:167,0
DA:168,0
DA:169,0
DA:171,0
DA:172,0
DA:173,0
DA:174,0
DA:175,0
DA:176,0
DA:178,0
DA:179,0
DA:180,0
DA:181,0
DA:182,0
DA:183,0
DA:186,0
DA:187,0
BRF:0
BRH:0
LF:45
LH:0
end_of_record
SF:crates/crypto/src/keccak256.rs
FN:3,_RINvNtCs3CfBD2wsJKP_17fluentbase_crypto9keccak25616crypto_keccak256RShECsf4fE3ZaV8jz_24fluentbase_contracts_evm
FN:3,_RINvNtCs3CfBD2wsJKP_17fluentbase_crypto9keccak25616crypto_keccak256RShECs32iN3fKbEIr_26fluentbase_contracts_nitro
FN:3,_RINvNtCs3CfBD2wsJKP_17fluentbase_crypto9keccak25616crypto_keccak256RINtNtCsbwPUJzPwehH_5alloc3vec3VechEECs5egdXeRCQ6_36fluentbase_contracts_runtime_upgrade
FN:3,_RINvNtCs3CfBD2wsJKP_17fluentbase_crypto9keccak25616crypto_keccak256RShECs5egdXeRCQ6_36fluentbase_contracts_runtime_upgrade
FN:3,_RINvNtCs3CfBD2wsJKP_17fluentbase_crypto9keccak25616crypto_keccak256Ahj40_ECshWcZnKdX39A_36fluentbase_contracts_universal_token
FN:3,_RINvNtCs3CfBD2wsJKP_17fluentbase_crypto9keccak25616crypto_keccak256RINtNtCsbwPUJzPwehH_5alloc3vec3VechEECshWcZnKdX39A_36fluentbase_contracts_universal_token
FN:3,_RINvNtCs3CfBD2wsJKP_17fluentbase_crypto9keccak25616crypto_keccak256RShECshWcZnKdX39A_36fluentbase_contracts_universal_token
FNDA:18,_RINvNtCs3CfBD2wsJKP_17fluentbase_crypto9keccak25616crypto_keccak256RShECsf4fE3ZaV8jz_24fluentbase_contracts_evm
FNDA:0,_RINvNtCs3CfBD2wsJKP_17fluentbase_crypto9keccak25616crypto_keccak256RShECs32iN3fKbEIr_26fluentbase_contracts_nitro
[...]
FNDA:3,_RNCINvCshWcZnKdX39A_36fluentbase_contracts_universal_token10main_entryINtNtCse1vxMWk3eMV_14fluentbase_sdk6system17SystemContextImplNtNtCsdN6oERfiKAV_16fluentbase_types13rwasm_context12RwasmContextEE0B4_
FNDA:0,_RNCINvCshWcZnKdX39A_36fluentbase_contracts_universal_token12deploy_entryINtNtCse1vxMWk3eMV_14fluentbase_sdk6system17SystemContextImplNtNtCsdN6oERfiKAV_16fluentbase_types13rwasm_context12RwasmContextEE0B4_
FNF:25
FNH:16
DA:125,1
DA:126,1
DA:127,1
DA:128,1
DA:129,1
DA:130,1
DA:131,1
DA:132,1
DA:133,1
DA:134,1
DA:135,1
DA:136,1
DA:139,1
DA:140,1
DA:141,1
DA:142,1
DA:143,1
DA:144,1
DA:145,1
DA:146,1
DA:147,1
DA:148,1
DA:149,1
DA:150,1
DA:153,1
DA:154,1
DA:155,1
DA:156,1
DA:157,1
DA:158,1
DA:159,1
DA:160,1
DA:161,1
DA:162,1
DA:165,1
DA:166,1
DA:167,1
DA:168,1
DA:169,1
DA:170,1
DA:171,1
DA:173,1
DA:175,1
DA:176,1
DA:177,0
DA:178,1
DA:180,1
DA:183,1
DA:184,1
DA:185,1
DA:186,0
DA:188,1
DA:190,1
DA:191,1
DA:192,1
DA:193,1
DA:194,1
DA:195,1
DA:197,1
DA:199,1
DA:200,1
DA:201,1
DA:202,1
DA:205,2
DA:206,2
DA:207,2
DA:208,2
DA:209,2
DA:210,2
DA:211,2
DA:213,2
DA:214,2
DA:215,2
DA:216,0
DA:217,2
DA:219,2
DA:220,2
DA:223,2
DA:224,2
DA:225,2
DA:226,2
DA:227,1
DA:229,1
DA:230,0
DA:232,1
DA:233,1
DA:234,1
DA:235,0
DA:237,1
DA:239,1
DA:240,1
DA:241,1
DA:242,1
DA:243,1
DA:244,1
DA:246,1
DA:248,1
DA:249,1
DA:250,1
DA:251,2
DA:254,1
DA:255,1
DA:256,1
DA:257,1
DA:258,1
DA:259,1
DA:261,1
DA:262,1
DA:264,1
DA:265,1
DA:266,1
DA:267,1
DA:269,1
DA:270,1
DA:271,1
DA:272,1
DA:273,1
DA:274,1
DA:276,1
DA:277,1
DA:278,1
DA:279,1
DA:282,3
DA:283,3
DA:284,3
DA:285,3
DA:286,3
DA:287,3
DA:288,3
DA:289,3
DA:290,3
DA:291,3
DA:292,3
DA:293,3
DA:294,3
DA:295,3
DA:297,0
DA:298,0
DA:299,0
DA:300,0
DA:301,0
DA:302,0
DA:303,0
DA:304,0
DA:305,0
DA:307,0
DA:308,0
DA:309,0
DA:310,0
DA:311,0
DA:312,0
DA:313,0
DA:314,0
DA:315,0
DA:316,0
DA:318,0
DA:319,0
DA:320,0
DA:321,0
DA:322,0
DA:323,0
DA:324,0
DA:325,0
DA:328,0
DA:329,0
DA:330,0
DA:331,0
DA:332,0
DA:333,0
DA:334,0
DA:335,0
DA:337,0
DA:338,0
DA:339,0
DA:340,0
DA:342,0
DA:343,0
DA:344,0
DA:345,0
DA:348,0
DA:349,0
DA:350,0
DA:352,0
DA:353,0
DA:354,0
DA:355,0
DA:357,0
DA:358,0
DA:359,0
DA:360,0
DA:362,0
DA:363,0
DA:364,0
DA:365,0
DA:366,0
DA:367,0
DA:369,0
DA:370,0
DA:373,3
DA:374,3
DA:375,3
DA:376,3
DA:377,3
DA:378,3
DA:379,3
DA:380,3
DA:381,3
DA:382,3
DA:385,0
DA:386,0
DA:387,0
DA:388,0
DA:389,0
DA:390,0
DA:391,0
DA:392,0
DA:393,0
DA:394,0
DA:395,0
DA:396,0
DA:397,0
DA:400,3
DA:401,3
DA:402,3
DA:403,3
DA:404,3
DA:405,3
DA:406,3
DA:407,3
DA:408,3
DA:409,3
DA:410,3
DA:411,3
DA:412,3
DA:415,1
DA:416,1
DA:417,1
DA:418,1
DA:419,1
DA:420,1
DA:422,1
DA:423,1
DA:424,0
DA:425,1
DA:426,1
DA:427,1
DA:428,0
DA:429,1
DA:431,1
DA:432,1
DA:433,0
DA:434,1
DA:436,1
DA:437,1
DA:438,0
DA:439,1
DA:442,1
DA:443,1
DA:444,1
DA:445,1
DA:447,1
DA:448,1
DA:449,1
DA:450,1
DA:451,1
DA:454,1
DA:455,1
DA:456,1
DA:458,1
DA:459,1
DA:460,1
DA:461,1
DA:462,1
DA:463,1
DA:465,1
DA:466,1
DA:467,1
DA:468,1
DA:471,0
DA:472,0
DA:473,0
DA:474,0
DA:475,0
DA:476,0
DA:478,0
DA:479,0
DA:480,0
DA:481,0
DA:485,0
DA:486,0
DA:487,0
DA:488,0
DA:490,0
DA:491,0
DA:492,0
DA:493,0
DA:496,0
DA:497,0
DA:498,0
DA:499,0
DA:502,0
DA:503,0
DA:504,0
DA:507,0
DA:508,0
DA:509,0
DA:510,0
DA:511,0
DA:515,0
DA:516,0
DA:517,0
DA:520,0
DA:521,0
DA:522,0
DA:523,0
DA:524,0
DA:525,0
DA:527,0
DA:528,0
DA:529,0
DA:530,0
DA:533,2
DA:534,2
DA:535,2
DA:536,2
DA:537,2
DA:538,2
DA:541,2
DA:544,2
DA:545,2
DA:546,1
DA:547,1
DA:549,1
DA:550,1
DA:551,0
DA:552,1
DA:554,1
DA:555,1
DA:557,1
DA:558,1
DA:559,1
DA:560,1
DA:562,1
DA:563,1
DA:564,1
DA:565,2
DA:568,2
DA:569,2
DA:570,2
DA:571,2
DA:572,2
DA:573,2
DA:574,2
DA:577,2
DA:578,2
DA:579,1
DA:580,1
DA:583,1
DA:584,1
DA:585,0
DA:586,1
DA:589,1
DA:590,1
DA:593,1
DA:594,1
DA:595,1
DA:596,1
DA:599,1
DA:600,1
DA:601,1
DA:602,2
DA:604,0
DA:605,0
DA:606,0
DA:607,0
DA:608,0
DA:609,0
DA:610,0
DA:612,0
DA:613,0
DA:614,0
DA:615,0
DA:617,0
DA:618,0
DA:619,0
DA:620,0
DA:622,0
DA:623,0
DA:624,0
DA:625,0
DA:627,0
DA:628,0
DA:629,0
DA:631,0
DA:632,0
DA:633,0
DA:634,0
DA:635,0
DA:636,0
DA:637,0
DA:639,0
DA:640,0
DA:642,0
DA:643,0
DA:644,0
DA:645,0
DA:646,0
DA:647,0
DA:648,0
DA:649,0
DA:651,0
DA:653,0
DA:656,0
DA:657,0
DA:658,0
DA:659,0
DA:663,0
DA:664,0
DA:665,0
DA:667,0
DA:668,0
DA:669,0
DA:683,0
DA:686,0
DA:687,0
DA:688,0
DA:689,0
DA:690,0
DA:691,0
DA:692,0
DA:693,0
DA:694,0
DA:695,0
DA:696,0
DA:698,0
DA:699,0
DA:702,0
DA:703,0
DA:704,0
DA:705,0
DA:706,0
DA:707,0
DA:710,1
DA:711,1
DA:712,1
DA:713,1
DA:714,1
DA:715,1
DA:719,1
DA:720,1
DA:724,1
DA:725,1
DA:726,0
DA:727,1
DA:730,1
DA:731,1
DA:732,1
DA:733,1
DA:734,1
DA:735,1
DA:736,1
DA:737,1
DA:741,1
DA:742,1
DA:743,1
DA:744,1
DA:745,1
DA:746,1
DA:747,1
DA:748,1
DA:750,1
DA:751,1
DA:753,1
DA:756,1
DA:757,0
DA:758,1
DA:761,1
DA:762,1
DA:763,1
DA:765,1
DA:766,1
DA:768,1
DA:769,1
DA:770,1
DA:771,1
DA:772,1
DA:773,1
DA:774,1
DA:775,0
DA:778,1
DA:780,1
DA:782,1
DA:784,0
DA:785,0
DA:786,0
DA:787,0
DA:788,0
DA:789,1
DA:792,1
DA:793,1
DA:794,1
DA:795,1
DA:796,0
DA:797,1
DA:798,1
DA:801,1
DA:802,1
DA:803,1
DA:805,1
DA:806,1
DA:809,1
DA:810,0
DA:811,1
DA:812,1
DA:813,1
DA:814,1
DA:815,0
DA:816,0
DA:817,1
DA:818,1
DA:819,1
DA:821,21
DA:822,21
DA:823,21
DA:824,0
DA:825,21
DA:826,21
DA:827,21
DA:828,21
DA:829,21
DA:830,1
DA:831,1
DA:832,1
DA:833,2
DA:834,1
DA:835,1
DA:836,3
DA:837,3
DA:838,0
DA:839,3
DA:840,1
DA:841,0
DA:843,2
DA:844,2
DA:845,0
DA:846,0
DA:847,0
DA:849,0
DA:850,0
DA:852,0
DA:853,0
DA:855,0
DA:856,0
DA:857,21
DA:858,3
DA:859,3
DA:860,18
DA:861,18
DA:862,21
BRF:0
BRH:0
LF:561
LH:336
end_of_record
SF:contracts/wasm/src/lib.rs
FN:41,_RINvCs11lDj2T694Q_25fluentbase_contracts_wasm10main_entryINtNtCse1vxMWk3eMV_14fluentbase_sdk6system17SystemContextImplNtNtCsdN6oERfiKAV_16fluentbase_types13rwasm_context12RwasmContextEEB2_
FN:13,_RINvCs11lDj2T694Q_25fluentbase_contracts_wasm12deploy_entryINtNtCse1vxMWk3eMV_14fluentbase_sdk6system17SystemContextImplNtNtCsdN6oERfiKAV_16fluentbase_types13rwasm_context12RwasmContextEEB2_
FNDA:0,_RINvCs11lDj2T694Q_25fluentbase_contracts_wasm10main_entryINtNtCse1vxMWk3eMV_14fluentbase_sdk6system17SystemContextImplNtNtCsdN6oERfiKAV_16fluentbase_types13rwasm_context12RwasmContextEEB2_
FNDA:4,_RINvCs11lDj2T694Q_25fluentbase_contracts_wasm12deploy_entryINtNtCse1vxMWk3eMV_14fluentbase_sdk6system17SystemContextImplNtNtCsdN6oERfiKAV_16fluentbase_types13rwasm_context12RwasmContextEEB2_
FNF:2
FNH:1
DA:13,4
DA:15,4
DA:16,4
DA:17,4
DA:18,4
DA:21,4
DA:24,4
DA:25,4
DA:26,4
DA:29,4
DA:30,4
DA:31,0
DA:32,4
DA:35,4
DA:36,4
DA:37,4
DA:38,4
DA:39,4
DA:41,0
DA:42,0
DA:43,0
BRF:0
BRH:0
LF:21
LH:17
end_of_record
SF:contracts/webauthn/src/client_data.rs
FN:169,_RNCNvMNtCsayFWXmOhl4C_29fluentbase_contracts_webauthn11client_dataNtB4_6Parser12parse_object0B6_
FN:303,_RNvMNtCsayFWXmOhl4C_29fluentbase_contracts_webauthn11client_dataNtB2_6Parser10parse_hex4
FN:187,_RNvMNtCsayFWXmOhl4C_29fluentbase_contracts_webauthn11client_dataNtB2_6Parser11parse_array
FN:211,_RNvMNtCsayFWXmOhl4C_29fluentbase_contracts_webauthn11client_dataNtB2_6Parser11parse_value
FN:358,_RNvMNtCsayFWXmOhl4C_29fluentbase_contracts_webauthn11client_dataNtB2_6Parser11skip_digits
FN:348,_RNvMNtCsayFWXmOhl4C_29fluentbase_contracts_webauthn11client_dataNtB2_6Parser12expect_digit
FN:318,_RNvMNtCsayFWXmOhl4C_29fluentbase_contracts_webauthn11client_dataNtB2_6Parser12parse_number
FN:153,_RNvMNtCsayFWXmOhl4C_29fluentbase_contracts_webauthn11client_dataNtB2_6Parser12parse_object
FN:249,_RNvMNtCsayFWXmOhl4C_29fluentbase_contracts_webauthn11client_dataNtB2_6Parser12parse_string
FN:242,_RNvMNtCsayFWXmOhl4C_29fluentbase_contracts_webauthn11client_dataNtB2_6Parser14expect_literal
FN:147,_RNvMNtCsayFWXmOhl4C_29fluentbase_contracts_webauthn11client_dataNtB2_6Parser15skip_whitespace
FN:283,_RNvMNtCsayFWXmOhl4C_29fluentbase_contracts_webauthn11client_dataNtB2_6Parser20parse_unicode_escape
FN:133,_RNvMNtCsayFWXmOhl4C_29fluentbase_contracts_webauthn11client_dataNtB2_6Parser4bump
FN:129,_RNvMNtCsayFWXmOhl4C_29fluentbase_contracts_webauthn11client_dataNtB2_6Parser4peek
FN:139,_RNvMNtCsayFWXmOhl4C_29fluentbase_contracts_webauthn11client_dataNtB2_6Parser6expect
FN:116,_RNvNtCsayFWXmOhl4C_29fluentbase_contracts_webauthn11client_data11into_string
FN:63,_RNvNtCsayFWXmOhl4C_29fluentbase_contracts_webauthn11client_data17parse_client_data
FNDA:0,_RNCNvMNtCsayFWXmOhl4C_29fluentbase_contracts_webauthn11client_dataNtB4_6Parser12parse_object0B6_
FNDA:0,_RNvMNtCsayFWXmOhl4C_29fluentbase_contracts_webauthn11client_dataNtB2_6Parser10parse_hex4
FNDA:0,_RNvMNtCsayFWXmOhl4C_29fluentbase_contracts_webauthn11client_dataNtB2_6Parser11parse_array
FNDA:0,_RNvMNtCsayFWXmOhl4C_29fluentbase_contracts_webauthn11client_dataNtB2_6Parser11parse_value
FNDA:0,_RNvMNtCsayFWXmOhl4C_29fluentbase_contracts_webauthn11client_dataNtB2_6Parser11skip_digits
FNDA:0,_RNvMNtCsayFWXmOhl4C_29fluentbase_contracts_webauthn11client_dataNtB2_6Parser12expect_digit
FNDA:0,_RNvMNtCsayFWXmOhl4C_29fluentbase_contracts_webauthn11client_dataNtB2_6Parser12parse_number
FNDA:0,_RNvMNtCsayFWXmOhl4C_29fluentbase_contracts_webauthn11client_dataNtB2_6Parser12parse_object
FNDA:0,_RNvMNtCsayFWXmOhl4C_29fluentbase_contracts_webauthn11client_dataNtB2_6Parser12parse_string
FNDA:0,_RNvMNtCsayFWXmOhl4C_29fluentbase_contracts_webauthn11client_dataNtB2_6Parser14expect_literal
FNDA:0,_RNvMNtCsayFWXmOhl4C_29fluentbase_contracts_webauthn11client_dataNtB2_6Parser15skip_whitespace
FNDA:0,_RNvMNtCsayFWXmOhl4C_29fluentbase_contracts_webauthn11client_dataNtB2_6Parser20parse_unicode_escape
FNDA:0,_RNvMNtCsayFWXmOhl4C_29fluentbase_contracts_webauthn11client_dataNtB2_6Parser4bump
FNDA:0,_RNvMNtCsayFWXmOhl4C_29fluentbase_contracts_webauthn11client_dataNtB2_6Parser4peek
FNDA:0,_RNvMNtCsayFWXmOhl4C_29fluentbase_contracts_webauthn11client_dataNtB2_6Parser6expect
FNDA:0,_RNvNtCsayFWXmOhl4C_29fluentbase_contracts_webauthn11client_data11into_string
FNDA:0,_RNvNtCsayFWXmOhl4C_29fluentbase_contracts_webauthn11client_data17parse_client_data
FNF:17
FNH:0
DA:63,0
DA:64,0
DA:65,0
DA:66,0
DA:67,0
DA:69,0
DA:70,0
DA:71,0
DA:72,0
DA:73,0
DA:74,0
DA:75,0
DA:77,0
DA:78,0
DA:79,0
DA:80,0
DA:82,0
DA:83,0
DA:84,0
DA:85,0
DA:86,0
DA:87,0
DA:88,0
DA:89,0
DA:90,0
DA:93,0
DA:98,0
DA:99,0
DA:100,0
DA:101,0
DA:103,0
DA:116,0
DA:117,0
DA:118,0
DA:119,0
DA:121,0
DA:129,0
DA:130,0
DA:131,0
DA:133,0
DA:134,0
DA:135,0
DA:136,0
DA:137,0
DA:139,0
DA:140,0
DA:141,0
DA:143,0
DA:145,0
DA:147,0
DA:148,0
DA:149,0
DA:150,0
DA:151,0
DA:153,0
DA:154,0
DA:155,0
DA:156,0
DA:157,0
DA:159,0
DA:160,0
DA:161,0
DA:162,0
DA:163,0
DA:164,0
DA:167,0
DA:168,0
DA:169,0
DA:170,0
DA:171,0
DA:172,0
DA:173,0
DA:174,0
DA:175,0
DA:176,0
DA:178,0
DA:179,0
DA:180,0
DA:181,0
DA:182,0
DA:185,0
DA:187,0
DA:188,0
DA:189,0
DA:190,0
DA:191,0
DA:193,0
DA:194,0
DA:195,0
DA:196,0
DA:197,0
DA:200,0
DA:201,0
DA:202,0
DA:203,0
DA:204,0
DA:205,0
DA:206,0
DA:209,0
DA:211,0
DA:212,0
DA:213,0
DA:215,0
DA:216,0
DA:219,0
DA:220,0
DA:223,0
DA:224,0
DA:227,0
DA:228,0
DA:231,0
DA:232,0
DA:234,0
DA:235,0
DA:236,0
DA:238,0
DA:240,0
DA:242,0
DA:243,0
DA:244,0
DA:246,0
DA:247,0
DA:249,0
DA:250,0
DA:252,0
DA:254,0
DA:258,0
DA:261,0
DA:262,0
DA:263,0
DA:264,0
DA:265,0
DA:266,0
DA:267,0
DA:268,0
DA:269,0
DA:270,0
DA:271,0
DA:272,0
DA:274,0
DA:275,0
DA:277,0
DA:278,0
DA:281,0
DA:283,0
DA:284,0
DA:285,0
DA:287,0
DA:288,0
DA:289,0
DA:290,0
DA:291,0
DA:292,0
DA:293,0
DA:294,0
DA:295,0
DA:296,0
DA:298,0
DA:299,0
DA:301,0
DA:303,0
DA:304,0
DA:305,0
DA:306,0
DA:307,0
DA:308,0
DA:309,0
DA:310,0
DA:311,0
DA:313,0
DA:315,0
DA:316,0
DA:318,0
DA:319,0
DA:320,0
DA:321,0
DA:324,0
DA:325,0
DA:326,0
DA:327,0
DA:330,0
DA:331,0
DA:332,0
DA:333,0
DA:334,0
DA:336,0
DA:337,0
DA:338,0
DA:339,0
DA:340,0
DA:341,0
DA:342,0
DA:343,0
DA:345,0
DA:346,0
DA:348,0
DA:349,0
DA:350,0
DA:351,0
DA:352,0
DA:354,0
DA:356,0
DA:358,0
DA:359,0
DA:360,0
DA:361,0
DA:362,0
BRF:0
BRH:0
LF:208
LH:0
end_of_record
SF:contracts/webauthn/src/lib.rs
FN:32,_RINvCsayFWXmOhl4C_29fluentbase_contracts_webauthn10main_entryINtNtCse1vxMWk3eMV_14fluentbase_sdk6system17SystemContextImplNtNtCsdN6oERfiKAV_16fluentbase_types13rwasm_context12RwasmContextEEB2_
FNDA:1,_RINvCsayFWXmOhl4C_29fluentbase_contracts_webauthn10main_entryINtNtCse1vxMWk3eMV_14fluentbase_sdk6system17SystemContextImplNtNtCsdN6oERfiKAV_16fluentbase_types13rwasm_context12RwasmContextEEB2_
FNF:1
FNH:1
DA:32,1
DA:33,1
DA:35,1
DA:36,1
DA:37,0
DA:39,0
DA:40,0
DA:42,0
DA:43,0
DA:44,0
DA:45,0
DA:46,0
DA:48,0
DA:49,0
DA:50,0
DA:51,0
DA:52,0
DA:53,0
DA:54,0
DA:55,0
DA:56,0
DA:58,0
DA:59,0
DA:60,0
DA:61,0
DA:62,0
DA:63,0
DA:64,0
DA:65,0
DA:66,0
DA:68,0
DA:69,0
DA:70,0
DA:71,0
DA:72,0
DA:73,0
DA:74,0
DA:75,0
DA:76,0
DA:77,0
DA:78,0
DA:79,0
DA:81,0
DA:84,0
DA:85,0
DA:87,0
DA:88,1
BRF:0
BRH:0
LF:47
LH:5
end_of_record
SF:contracts/webauthn/src/webauthn.rs
FN:21,_RINvXs_NtCsayFWXmOhl4C_29fluentbase_contracts_webauthn8webauthnNtB5_12WebAuthnAuthINtNtCsguG9LYndPnp_16fluentbase_codec7encoder7EncoderNtCsbbGaL8a2zN8_9byteorder9BigEndianKj20_Kb1_Kb0_E6decodeRShEB7_
FN:277,_RNvNtCsayFWXmOhl4C_29fluentbase_contracts_webauthn8webauthn11contains_at
FN:70,_RNvNtCsayFWXmOhl4C_29fluentbase_contracts_webauthn8webauthn15verify_webauthn
FN:297,_RNvNtCsayFWXmOhl4C_29fluentbase_contracts_webauthn8webauthn16base64url_encode
FN:250,_RNvNtCsayFWXmOhl4C_29fluentbase_contracts_webauthn8webauthn16verify_signature
FN:155,_RNvNtCsayFWXmOhl4C_29fluentbase_contracts_webauthn8webauthn17verify_rp_id_hash
FN:236,_RNvNtCsayFWXmOhl4C_29fluentbase_contracts_webauthn8webauthn20compute_message_hash
FN:166,_RNvNtCsayFWXmOhl4C_29fluentbase_contracts_webauthn8webauthn23verify_client_data_json
FN:206,_RNvNtCsayFWXmOhl4C_29fluentbase_contracts_webauthn8webauthn26verify_authenticator_flags
FN:139,_RNvNtCsayFWXmOhl4C_29fluentbase_contracts_webauthn8webauthn26verify_flags_and_signature
FN:100,_RNvNtCsayFWXmOhl4C_29fluentbase_contracts_webauthn8webauthn27verify_webauthn_with_policy
FN:21,_RINvXININtCsayFWXmOhl4C_29fluentbase_contracts_webauthn8webauthn0pKpENtB6_12WebAuthnAuthINtNtCsguG9LYndPnp_16fluentbase_codec7encoder7EncoderpKpKb1_KB2j_E14partial_decodepEB8_
FN:21,_RINvXININtCsayFWXmOhl4C_29fluentbase_contracts_webauthn8webauthn0pKpENtB6_12WebAuthnAuthINtNtCsguG9LYndPnp_16fluentbase_codec7encoder7EncoderpKpKb1_KB2j_E6decodepEB8_
FN:21,_RINvXININtCsayFWXmOhl4C_29fluentbase_contracts_webauthn8webauthns0_0pKpENtB6_12WebAuthnAuthINtNtCsguG9LYndPnp_16fluentbase_codec7encoder7EncoderpKpKb0_Kb1_E6decodepEB8_
FN:21,_RINvXININtCsayFWXmOhl4C_29fluentbase_contracts_webauthn8webauthns1_0pKpENtB6_12WebAuthnAuthINtNtCsguG9LYndPnp_16fluentbase_codec7encoder7EncoderpKpKb0_KB2m_E6decodepEB8_
FN:21,_RINvXININtCsayFWXmOhl4C_29fluentbase_contracts_webauthn8webauthns_0pKpENtB6_12WebAuthnAuthINtNtCsguG9LYndPnp_16fluentbase_codec7encoder7EncoderpKpKb1_Kb0_E14partial_decodepEB8_
FN:21,_RNvXININtCsayFWXmOhl4C_29fluentbase_contracts_webauthn8webauthn0pKpENtB5_12WebAuthnAuthINtNtCsguG9LYndPnp_16fluentbase_codec7encoder7EncoderpKpKb1_KB2i_E6encodeB7_
FN:21,_RNvXININtCsayFWXmOhl4C_29fluentbase_contracts_webauthn8webauthns0_0pKpENtB5_12WebAuthnAuthINtNtCsguG9LYndPnp_16fluentbase_codec7encoder7EncoderpKpKb0_Kb1_E6encodeB7_
FN:21,_RNvXININtCsayFWXmOhl4C_29fluentbase_contracts_webauthn8webauthns1_0pKpENtB5_12WebAuthnAuthINtNtCsguG9LYndPnp_16fluentbase_codec7encoder7EncoderpKpKb0_KB2l_E6encodeB7_
FN:21,_RNvXININtCsayFWXmOhl4C_29fluentbase_contracts_webauthn8webauthns_0pKpENtB5_12WebAuthnAuthINtNtCsguG9LYndPnp_16fluentbase_codec7encoder7EncoderpKpKb1_Kb0_E6encodeB7_
FN:21,_RNvXs2_NtCsayFWXmOhl4C_29fluentbase_contracts_webauthn8webauthnNtB5_12WebAuthnAuthNtNtCsguG9LYndPnp_16fluentbase_codec5topic18SolidityEventTopic21encode_topic_preimage
FNDA:0,_RINvXs_NtCsayFWXmOhl4C_29fluentbase_contracts_webauthn8webauthnNtB5_12WebAuthnAuthINtNtCsguG9LYndPnp_16fluentbase_codec7encoder7EncoderNtCsbbGaL8a2zN8_9byteorder9BigEndianKj20_Kb1_Kb0_E6decodeRShEB7_
FNDA:0,_RNvNtCsayFWXmOhl4C_29fluentbase_contracts_webauthn8webauthn11contains_at
FNDA:0,_RNvNtCsayFWXmOhl4C_29fluentbase_contracts_webauthn8webauthn15verify_webauthn
FNDA:0,_RNvNtCsayFWXmOhl4C_29fluentbase_contracts_webauthn8webauthn16base64url_encode
FNDA:0,_RNvNtCsayFWXmOhl4C_29fluentbase_contracts_webauthn8webauthn16verify_signature
FNDA:0,_RNvNtCsayFWXmOhl4C_29fluentbase_contracts_webauthn8webauthn17verify_rp_id_hash
FNDA:0,_RNvNtCsayFWXmOhl4C_29fluentbase_contracts_webauthn8webauthn20compute_message_hash
FNDA:0,_RNvNtCsayFWXmOhl4C_29fluentbase_contracts_webauthn8webauthn23verify_client_data_json
FNDA:0,_RNvNtCsayFWXmOhl4C_29fluentbase_contracts_webauthn8webauthn26verify_authenticator_flags
FNDA:0,_RNvNtCsayFWXmOhl4C_29fluentbase_contracts_webauthn8webauthn26verify_flags_and_signature
FNDA:0,_RNvNtCsayFWXmOhl4C_29fluentbase_contracts_webauthn8webauthn27verify_webauthn_with_policy
FNDA:0,_RINvXININtCsayFWXmOhl4C_29fluentbase_contracts_webauthn8webauthn0pKpENtB6_12WebAuthnAuthINtNtCsguG9LYndPnp_16fluentbase_codec7encoder7EncoderpKpKb1_KB2j_E14partial_decodepEB8_
FNDA:0,_RINvXININtCsayFWXmOhl4C_29fluentbase_contracts_webauthn8webauthn0pKpENtB6_12WebAuthnAuthINtNtCsguG9LYndPnp_16fluentbase_codec7encoder7EncoderpKpKb1_KB2j_E6decodepEB8_
FNDA:0,_RINvXININtCsayFWXmOhl4C_29fluentbase_contracts_webauthn8webauthns0_0pKpENtB6_12WebAuthnAuthINtNtCsguG9LYndPnp_16fluentbase_codec7encoder7EncoderpKpKb0_Kb1_E6decodepEB8_
FNDA:0,_RINvXININtCsayFWXmOhl4C_29fluentbase_contracts_webauthn8webauthns1_0pKpENtB6_12WebAuthnAuthINtNtCsguG9LYndPnp_16fluentbase_codec7encoder7EncoderpKpKb0_KB2m_E6decodepEB8_
FNDA:0,_RINvXININtCsayFWXmOhl4C_29fluentbase_contracts_webauthn8webauthns_0pKpENtB6_12WebAuthnAuthINtNtCsguG9LYndPnp_16fluentbase_codec7encoder7EncoderpKpKb1_Kb0_E14partial_decodepEB8_
FNDA:0,_RNvXININtCsayFWXmOhl4C_29fluentbase_contracts_webauthn8webauthn0pKpENtB5_12WebAuthnAuthINtNtCsguG9LYndPnp_16fluentbase_codec7encoder7EncoderpKpKb1_KB2i_E6encodeB7_
FNDA:0,_RNvXININtCsayFWXmOhl4C_29fluentbase_contracts_webauthn8webauthns0_0pKpENtB5_12WebAuthnAuthINtNtCsguG9LYndPnp_16fluentbase_codec7encoder7EncoderpKpKb0_Kb1_E6encodeB7_
FNDA:0,_RNvXININtCsayFWXmOhl4C_29fluentbase_contracts_webauthn8webauthns1_0pKpENtB5_12WebAuthnAuthINtNtCsguG9LYndPnp_16fluentbase_codec7encoder7EncoderpKpKb0_KB2l_E6encodeB7_
FNDA:0,_RNvXININtCsayFWXmOhl4C_29fluentbase_contracts_webauthn8webauthns_0pKpENtB5_12WebAuthnAuthINtNtCsguG9LYndPnp_16fluentbase_codec7encoder7EncoderpKpKb1_Kb0_E6encodeB7_
FNDA:0,_RNvXs2_NtCsayFWXmOhl4C_29fluentbase_contracts_webauthn8webauthnNtB5_12WebAuthnAuthNtNtCsguG9LYndPnp_16fluentbase_codec5topic18SolidityEventTopic21encode_topic_preimage
FNF:11
FNH:0
DA:21,0
DA:70,0
DA:71,0
DA:72,0
DA:73,0
DA:74,0
DA:75,0
DA:76,0
DA:77,0
DA:79,0
DA:80,0
DA:81,0
DA:82,0
DA:83,0
DA:84,0
DA:85,0
DA:86,0
DA:89,0
DA:90,0
DA:100,0
DA:101,0
DA:102,0
DA:103,0
DA:104,0
DA:105,0
DA:106,0
DA:107,0
DA:108,0
DA:109,0
DA:110,0
DA:111,0
DA:113,0
DA:114,0
DA:115,0
DA:118,0
DA:119,0
DA:120,0
DA:123,0
DA:124,0
DA:125,0
DA:127,0
DA:128,0
DA:129,0
DA:131,0
DA:132,0
DA:133,0
DA:135,0
DA:136,0
DA:139,0
DA:140,0
DA:141,0
DA:142,0
DA:143,0
DA:144,0
DA:145,0
DA:146,0
DA:147,0
DA:148,0
DA:150,0
DA:152,0
DA:153,0
DA:155,0
DA:156,0
DA:157,0
DA:158,0
DA:160,0
DA:161,0
DA:166,0
DA:167,0
DA:168,0
DA:169,0
DA:170,0
DA:171,0
DA:172,0
DA:173,0
DA:174,0
DA:177,0
DA:178,0
DA:179,0
DA:183,0
DA:184,0
DA:185,0
DA:188,0
DA:189,0
DA:190,0
DA:191,0
DA:194,0
DA:195,0
DA:198,0
DA:199,0
DA:200,0
DA:202,0
DA:203,0
DA:206,0
DA:208,0
DA:209,0
DA:210,0
DA:213,0
DA:216,0
DA:217,0
DA:218,0
DA:221,0
DA:222,0
DA:223,0
DA:227,0
DA:228,0
DA:229,0
DA:231,0
DA:232,0
DA:236,0
DA:238,0
DA:241,0
DA:242,0
DA:243,0
DA:246,0
DA:247,0
DA:250,0
DA:251,0
DA:252,0
DA:253,0
DA:254,0
DA:255,0
DA:256,0
DA:257,0
DA:259,0
DA:260,0
DA:261,0
DA:262,0
DA:263,0
DA:264,0
DA:266,0
DA:269,0
DA:270,0
DA:273,0
DA:274,0
DA:277,0
DA:278,0
DA:280,0
DA:281,0
DA:282,0
DA:285,0
DA:286,0
DA:287,0
DA:289,0
DA:290,0
DA:291,0
DA:297,0
DA:299,0
DA:300,0
BRF:0
BRH:0
LF:149
LH:0
end_of_record
